'09/11/2019 03:33:41 PM' - INFO - ========================================== 测试数据初始化 start! ==========================================
'09/11/2019 03:33:41 PM' - INFO - 获取项目根目录正常:/Users/wawa/Desktop/code/api_automate_test
'09/11/2019 03:33:41 PM' - INFO - 获取项目根正常:/Users/wawa/Desktop/code/api_automate_test/data/FDD接口测试用例.xlsx
'09/11/2019 03:33:41 PM' - INFO - 读取xlsx表格数据正常:<xlrd.book.Book object at 0x10d6ae198>
'09/11/2019 03:33:41 PM' - INFO - 获取页签名称列表正常:['ddsf', 'ddxf']
'09/11/2019 03:33:41 PM' - INFO - 获取页签名称对应页签对象字典正常:{'ddsf': <xlrd.sheet.Sheet object at 0x10d6c7fd0>, 'ddxf': <xlrd.sheet.Sheet object at 0x10d6d8048>}
'09/11/2019 03:33:41 PM' - INFO - 传入项目参数有效:ddsf
'09/11/2019 03:33:41 PM' - INFO - 未传入json参数，使用的是默认地址为:/Users/wawa/Desktop/code/api_automate_test/data/config.json
'09/11/2019 03:33:41 PM' - INFO - =========================================== 测试数据初始化 end! ===========================================
'09/11/2019 03:33:41 PM' - DEBUG - #############################...start Login case 1...#############################
'09/11/2019 03:33:41 PM' - DEBUG - 用例名称         :ByPassword
'09/11/2019 03:33:41 PM' - DEBUG - 用例描述         :用户名密码正确登录
'09/11/2019 03:33:41 PM' - DEBUG - 用例执行时间      :2019-09-11 15:33:41
'09/11/2019 03:33:41 PM' - DEBUG - ------------------------------------- 请求信息 -------------------------------------
'09/11/2019 03:33:41 PM' - DEBUG - 用例请求方法      :post
'09/11/2019 03:33:41 PM' - DEBUG - 接口地址         :https://as-web.fangdd.com/ioux/loginByPassword
'09/11/2019 03:33:41 PM' - DEBUG - 请求参数         :
'09/11/2019 03:33:41 PM' - DEBUG - 是否跳过         :否
'09/11/2019 03:33:41 PM' - DEBUG - 数据依赖类型      :relateOut
'09/11/2019 03:33:41 PM' - DEBUG - header          :{'content-type': 'application/json'}
'09/11/2019 03:33:41 PM' - DEBUG - 请求体           :{'username': '18682236985', 'password': 'Wawa520.'}
'09/11/2019 03:33:41 PM' - DEBUG - 响应结果         :{'code': 200, 'data': {'userId': 6520137, 'userName': '陈文建', 'realName': '陈文建', 'mobile': '18682236985', 'email': 'chenwenjian@fangdd.com', 'avatar': None, 'roleId': 1, 'roleName': '新房商服', 'orgId': 3, 'orgName': '测试自营分公司', 'serviceAgentCount': 0, 'cities': [{'cityName': '白山', 'cityId': 10204}, {'cityName': '东莞', 'cityId': 1406}, {'cityName': '苏州', 'cityId': 3}, {'cityName': '北京', 'cityId': 2179}, {'cityName': '成都', 'cityId': 450}, {'cityName': '武汉', 'cityId': 619}, {'cityName': '广州', 'cityId': 852}], 'isLogin': True, 'isAs': False, 'isPlatformAs': False, 'dep': {'depName': '测试自营分公司', 'level': 1, 'parentDepId': None, 'orgId': None, 'depId': 37, 'positionType': 1}, 'staffManagerLevel': 1, 'orgs': None}}
'09/11/2019 03:33:41 PM' - DEBUG - 预期结果         :{'code': 200}
'09/11/2019 03:33:41 PM' - INFO - 依赖数据缓存成功    :userId-->ID, 数据值为:6520137
'09/11/2019 03:33:41 PM' - DEBUG - ##############################...end Login case 1...##############################
'09/11/2019 03:33:41 PM' - DEBUG - #############################...start Login case 2...#############################
'09/11/2019 03:33:41 PM' - DEBUG - 用例名称         :ByPassword
'09/11/2019 03:33:41 PM' - DEBUG - 用例描述         :用户名或密码为空
'09/11/2019 03:33:41 PM' - DEBUG - 用例执行时间      :2019-09-11 15:33:41
'09/11/2019 03:33:41 PM' - DEBUG - ------------------------------------- 请求信息 -------------------------------------
'09/11/2019 03:33:41 PM' - DEBUG - 用例请求方法      :post
'09/11/2019 03:33:41 PM' - DEBUG - 接口地址         :https://as-web.fangdd.com/ioux/loginByPassword
'09/11/2019 03:33:41 PM' - DEBUG - 请求参数         :
'09/11/2019 03:33:41 PM' - DEBUG - 是否跳过         :否
'09/11/2019 03:33:41 PM' - DEBUG - 请求体           :{'username': '', 'password': 'Wawa521.'}
'09/11/2019 03:33:42 PM' - DEBUG - 响应结果         :{'error': True, 'code': -1, 'msg': '用户名或密码为空'}
'09/11/2019 03:33:42 PM' - DEBUG - 预期结果         :{'code': -1, 'msg': '用户名或密码为空'}
'09/11/2019 03:33:42 PM' - DEBUG - ##############################...end Login case 2...##############################
'09/11/2019 03:33:42 PM' - DEBUG - #############################...start Login case 3...#############################
'09/11/2019 03:33:42 PM' - DEBUG - 用例名称         :ByPassword
'09/11/2019 03:33:42 PM' - DEBUG - 用例描述         :用户名或密码为空
'09/11/2019 03:33:42 PM' - DEBUG - 用例执行时间      :2019-09-11 15:33:42
'09/11/2019 03:33:42 PM' - DEBUG - ------------------------------------- 请求信息 -------------------------------------
'09/11/2019 03:33:42 PM' - DEBUG - 用例请求方法      :post
'09/11/2019 03:33:42 PM' - DEBUG - 接口地址         :https://as-web.fangdd.com/ioux/loginByPassword
'09/11/2019 03:33:42 PM' - DEBUG - 请求参数         :
'09/11/2019 03:33:42 PM' - DEBUG - 是否跳过         :否
'09/11/2019 03:33:42 PM' - DEBUG - 请求体           :{'username': '18682236985', 'password': ''}
'09/11/2019 03:33:42 PM' - DEBUG - 响应结果         :{'error': True, 'code': -1, 'msg': '用户名或密码为空'}
'09/11/2019 03:33:42 PM' - DEBUG - 预期结果         :{'code': -1, 'msg': '用户名或密码为空'}
'09/11/2019 03:33:42 PM' - DEBUG - ##############################...end Login case 3...##############################
'09/11/2019 03:33:42 PM' - DEBUG - #############################...start Login case 4...#############################
'09/11/2019 03:33:42 PM' - DEBUG - 用例名称         :ByPassword
'09/11/2019 03:33:42 PM' - DEBUG - 用例描述         :用户名或密码错误
'09/11/2019 03:33:42 PM' - DEBUG - 用例执行时间      :2019-09-11 15:33:42
'09/11/2019 03:33:42 PM' - DEBUG - ------------------------------------- 请求信息 -------------------------------------
'09/11/2019 03:33:42 PM' - DEBUG - 用例请求方法      :post
'09/11/2019 03:33:42 PM' - DEBUG - 接口地址         :https://as-web.fangdd.com/ioux/loginByPassword
'09/11/2019 03:33:42 PM' - DEBUG - 请求参数         :
'09/11/2019 03:33:42 PM' - DEBUG - 是否跳过         :是
'09/11/2019 03:33:42 PM' - DEBUG - ##############################...end Login case 4...##############################
'09/11/2019 03:33:42 PM' - DEBUG - #############################...start Login case 5...#############################
'09/11/2019 03:33:42 PM' - DEBUG - 用例名称         :ByPassword
'09/11/2019 03:33:42 PM' - DEBUG - 用例描述         :用户名或密码错误
'09/11/2019 03:33:42 PM' - DEBUG - 用例执行时间      :2019-09-11 15:33:42
'09/11/2019 03:33:42 PM' - DEBUG - ------------------------------------- 请求信息 -------------------------------------
'09/11/2019 03:33:42 PM' - DEBUG - 用例请求方法      :post
'09/11/2019 03:33:42 PM' - DEBUG - 接口地址         :https://as-web.fangdd.com/ioux/loginByPassword
'09/11/2019 03:33:42 PM' - DEBUG - 请求参数         :
'09/11/2019 03:33:42 PM' - DEBUG - 是否跳过         :否
'09/11/2019 03:33:42 PM' - DEBUG - 请求体           :{'username': '13217176556', 'password': 'Wawa520.'}
'09/11/2019 03:33:42 PM' - DEBUG - 响应结果         :{'error': True, 'code': '40352', 'msg': 'User not exists or password incorrect'}
'09/11/2019 03:33:42 PM' - DEBUG - 预期结果         :{'code': '40353', 'msg': 'User not exists or password incorrect'}
'09/11/2019 03:33:42 PM' - DEBUG - ##############################...end Login case 5...##############################
'09/11/2019 05:05:33 PM' - INFO - ========================================== 测试数据初始化 start! ==========================================
'09/11/2019 05:05:33 PM' - INFO - 获取项目根目录正常       :/Users/wawa/Desktop/code/api_automate_test
'09/11/2019 05:05:33 PM' - INFO - 获取项目根正常          :/Users/wawa/Desktop/code/api_automate_test/data/FDD接口测试用例.xlsx
'09/11/2019 05:05:33 PM' - INFO - 读取xlsx表格数据正常      :<xlrd.book.Book object at 0x10d6ad438>
'09/11/2019 05:05:33 PM' - INFO - 获取页签名称列表正常       :['ddsf', 'ddxf']
'09/11/2019 05:05:33 PM' - INFO - 获取名称页签对象正常     :{'ddsf': <xlrd.sheet.Sheet object at 0x10d6d92b0>, 'ddxf': <xlrd.sheet.Sheet object at 0x10d6d92e8>}
'09/11/2019 05:05:33 PM' - INFO - 传入项目参数有效        :ddsf
'09/11/2019 05:05:33 PM' - INFO - 未传入json参数，默认地址为 :/Users/wawa/Desktop/code/api_automate_test/data/config.json
'09/11/2019 05:05:33 PM' - INFO - =========================================== 测试数据初始化 end! ===========================================
'09/11/2019 05:05:33 PM' - DEBUG - #############################...start Login case 1...#############################
'09/11/2019 05:05:33 PM' - DEBUG - 用例名称         :ByPassword
'09/11/2019 05:05:33 PM' - DEBUG - 用例描述         :用户名密码正确登录
'09/11/2019 05:05:33 PM' - DEBUG - 用例执行时间      :2019-09-11 17:05:33
'09/11/2019 05:05:33 PM' - DEBUG - ------------------------------------- 请求信息 -------------------------------------
'09/11/2019 05:05:33 PM' - DEBUG - 用例请求方法      :post
'09/11/2019 05:05:33 PM' - DEBUG - 接口地址         :https://as-web.fangdd.com/ioux/loginByPassword
'09/11/2019 05:05:33 PM' - DEBUG - 请求参数         :
'09/11/2019 05:05:33 PM' - DEBUG - 是否跳过         :否
'09/11/2019 05:05:33 PM' - DEBUG - 数据依赖类型      :relateOut
'09/11/2019 05:05:33 PM' - DEBUG - header          :{'content-type': 'application/json'}
'09/11/2019 05:05:33 PM' - DEBUG - 请求体           :{'username': '18682236985', 'password': 'Wawa520.'}
'09/11/2019 05:05:34 PM' - DEBUG - 响应结果         :{'code': 200, 'data': {'userId': 6520137, 'userName': '陈文建', 'realName': '陈文建', 'mobile': '18682236985', 'email': 'chenwenjian@fangdd.com', 'avatar': None, 'roleId': 1, 'roleName': '新房商服', 'orgId': 3, 'orgName': '测试自营分公司', 'serviceAgentCount': 0, 'cities': [{'cityName': '白山', 'cityId': 10204}, {'cityName': '东莞', 'cityId': 1406}, {'cityName': '苏州', 'cityId': 3}, {'cityName': '北京', 'cityId': 2179}, {'cityName': '成都', 'cityId': 450}, {'cityName': '武汉', 'cityId': 619}, {'cityName': '广州', 'cityId': 852}], 'isLogin': True, 'isAs': False, 'isPlatformAs': False, 'dep': {'depName': '测试自营分公司', 'level': 1, 'parentDepId': None, 'orgId': None, 'depId': 37, 'positionType': 1}, 'staffManagerLevel': 1, 'orgs': None}}
'09/11/2019 05:05:34 PM' - DEBUG - 预期结果         :{'code': 200}
'09/11/2019 05:05:34 PM' - INFO - 依赖数据缓存成功    :userId-->ID, 数据值为:6520137
'09/11/2019 05:05:34 PM' - INFO -  接口正常，测试通过！
'09/11/2019 05:05:34 PM' - DEBUG - ##############################...end Login case 1...##############################
'09/11/2019 05:05:34 PM' - DEBUG - #############################...start Login case 2...#############################
'09/11/2019 05:05:34 PM' - DEBUG - 用例名称         :ByPassword
'09/11/2019 05:05:34 PM' - DEBUG - 用例描述         :用户名或密码为空
'09/11/2019 05:05:34 PM' - DEBUG - 用例执行时间      :2019-09-11 17:05:34
'09/11/2019 05:05:34 PM' - DEBUG - ------------------------------------- 请求信息 -------------------------------------
'09/11/2019 05:05:34 PM' - DEBUG - 用例请求方法      :post
'09/11/2019 05:05:34 PM' - DEBUG - 接口地址         :https://as-web.fangdd.com/ioux/loginByPassword
'09/11/2019 05:05:34 PM' - DEBUG - 请求参数         :
'09/11/2019 05:05:34 PM' - DEBUG - 是否跳过         :否
'09/11/2019 05:05:34 PM' - DEBUG - 请求体           :{'username': '', 'password': 'Wawa521.'}
'09/11/2019 05:05:34 PM' - DEBUG - 响应结果         :{'error': True, 'code': -1, 'msg': '用户名或密码为空'}
'09/11/2019 05:05:34 PM' - DEBUG - 预期结果         :{'code': -1, 'msg': '用户名或密码为空'}
'09/11/2019 05:05:34 PM' - INFO -  接口正常，测试通过！
'09/11/2019 05:05:34 PM' - DEBUG - ##############################...end Login case 2...##############################
'09/11/2019 05:05:34 PM' - DEBUG - #############################...start Login case 3...#############################
'09/11/2019 05:05:34 PM' - DEBUG - 用例名称         :ByPassword
'09/11/2019 05:05:34 PM' - DEBUG - 用例描述         :用户名或密码为空
'09/11/2019 05:05:34 PM' - DEBUG - 用例执行时间      :2019-09-11 17:05:34
'09/11/2019 05:05:34 PM' - DEBUG - ------------------------------------- 请求信息 -------------------------------------
'09/11/2019 05:05:34 PM' - DEBUG - 用例请求方法      :post
'09/11/2019 05:05:34 PM' - DEBUG - 接口地址         :https://as-web.fangdd.com/ioux/loginByPassword
'09/11/2019 05:05:34 PM' - DEBUG - 请求参数         :
'09/11/2019 05:05:34 PM' - DEBUG - 是否跳过         :否
'09/11/2019 05:05:34 PM' - DEBUG - 请求体           :{'username': '18682236985', 'password': ''}
'09/11/2019 05:05:34 PM' - DEBUG - 响应结果         :{'error': True, 'code': -1, 'msg': '用户名或密码为空'}
'09/11/2019 05:05:34 PM' - DEBUG - 预期结果         :{'code': -1, 'msg': '用户名或密码为空'}
'09/11/2019 05:05:34 PM' - INFO -  接口正常，测试通过！
'09/11/2019 05:05:34 PM' - DEBUG - ##############################...end Login case 3...##############################
'09/11/2019 05:05:34 PM' - DEBUG - #############################...start Login case 4...#############################
'09/11/2019 05:05:34 PM' - DEBUG - 用例名称         :ByPassword
'09/11/2019 05:05:34 PM' - DEBUG - 用例描述         :用户名或密码错误
'09/11/2019 05:05:34 PM' - DEBUG - 用例执行时间      :2019-09-11 17:05:34
'09/11/2019 05:05:34 PM' - DEBUG - ------------------------------------- 请求信息 -------------------------------------
'09/11/2019 05:05:34 PM' - DEBUG - 用例请求方法      :post
'09/11/2019 05:05:34 PM' - DEBUG - 接口地址         :https://as-web.fangdd.com/ioux/loginByPassword
'09/11/2019 05:05:34 PM' - DEBUG - 请求参数         :
'09/11/2019 05:05:34 PM' - DEBUG - 是否跳过         :是
'09/11/2019 05:05:34 PM' - DEBUG - ##############################...end Login case 4...##############################
'09/11/2019 05:05:34 PM' - DEBUG - #############################...start Login case 5...#############################
'09/11/2019 05:05:34 PM' - DEBUG - 用例名称         :ByPassword
'09/11/2019 05:05:34 PM' - DEBUG - 用例描述         :用户名或密码错误
'09/11/2019 05:05:34 PM' - DEBUG - 用例执行时间      :2019-09-11 17:05:34
'09/11/2019 05:05:34 PM' - DEBUG - ------------------------------------- 请求信息 -------------------------------------
'09/11/2019 05:05:34 PM' - DEBUG - 用例请求方法      :post
'09/11/2019 05:05:34 PM' - DEBUG - 接口地址         :https://as-web.fangdd.com/ioux/loginByPassword
'09/11/2019 05:05:34 PM' - DEBUG - 请求参数         :
'09/11/2019 05:05:34 PM' - DEBUG - 是否跳过         :否
'09/11/2019 05:05:34 PM' - DEBUG - 请求体           :{'username': '13217176556', 'password': 'Wawa520.'}
'09/11/2019 05:05:34 PM' - DEBUG - 响应结果         :{'error': True, 'code': '40352', 'msg': 'User not exists or password incorrect'}
'09/11/2019 05:05:34 PM' - DEBUG - 预期结果         :{'code': '40353', 'msg': 'User not exists or password incorrect'}
'09/11/2019 05:05:34 PM' - ERROR -  接口异常，测试失败！
'09/11/2019 05:05:35 PM' - DEBUG - ##############################...end Login case 5...##############################
'09/11/2019 05:08:55 PM' - INFO - ========================================== 测试数据初始化 start! ==========================================
'09/11/2019 05:08:55 PM' - INFO - 获取项目根目录正常       :/Users/wawa/Desktop/code/api_automate_test
'09/11/2019 05:08:55 PM' - INFO - 获取项目根正常          :/Users/wawa/Desktop/code/api_automate_test/data/FDD接口测试用例.xlsx
'09/11/2019 05:08:55 PM' - INFO - 读取xlsx表格数据正常      :<xlrd.book.Book object at 0x10d6ac400>
'09/11/2019 05:08:55 PM' - INFO - 获取页签名称列表正常       :['ddsf', 'ddxf']
'09/11/2019 05:08:55 PM' - INFO - 获取名称页签对象正常     :{'ddsf': <xlrd.sheet.Sheet object at 0x10d6d9278>, 'ddxf': <xlrd.sheet.Sheet object at 0x10d6d92b0>}
'09/11/2019 05:08:55 PM' - INFO - 传入项目参数有效        :ddsf
'09/11/2019 05:08:55 PM' - INFO - 未传入json参数，默认地址为 :/Users/wawa/Desktop/code/api_automate_test/data/config.json
'09/11/2019 05:08:55 PM' - INFO - =========================================== 测试数据初始化 end! ===========================================
'09/11/2019 05:08:55 PM' - DEBUG - #############################...start Login case 1...#############################
'09/11/2019 05:08:55 PM' - DEBUG - 用例名称         :ByPassword
'09/11/2019 05:08:55 PM' - DEBUG - 用例描述         :用户名密码正确登录
'09/11/2019 05:08:55 PM' - DEBUG - 用例执行时间      :2019-09-11 17:08:55
'09/11/2019 05:08:55 PM' - DEBUG - ------------------------------------- 请求信息 -------------------------------------
'09/11/2019 05:08:55 PM' - DEBUG - 用例请求方法      :post
'09/11/2019 05:08:55 PM' - DEBUG - 接口地址         :https://as-web.fangdd.com/ioux/loginByPassword
'09/11/2019 05:08:55 PM' - DEBUG - 请求参数         :
'09/11/2019 05:08:55 PM' - DEBUG - 是否跳过         :否
'09/11/2019 05:08:55 PM' - DEBUG - 数据依赖类型      :relateOut
'09/11/2019 05:08:55 PM' - DEBUG - header          :{'content-type': 'application/json'}
'09/11/2019 05:08:55 PM' - DEBUG - 请求体           :{'username': '18682236985', 'password': 'Wawa520.'}
'09/11/2019 05:08:55 PM' - DEBUG - 响应结果         :{'code': 200, 'data': {'userId': 6520137, 'userName': '陈文建', 'realName': '陈文建', 'mobile': '18682236985', 'email': 'chenwenjian@fangdd.com', 'avatar': None, 'roleId': 1, 'roleName': '新房商服', 'orgId': 3, 'orgName': '测试自营分公司', 'serviceAgentCount': 0, 'cities': [{'cityName': '白山', 'cityId': 10204}, {'cityName': '东莞', 'cityId': 1406}, {'cityName': '苏州', 'cityId': 3}, {'cityName': '北京', 'cityId': 2179}, {'cityName': '成都', 'cityId': 450}, {'cityName': '武汉', 'cityId': 619}, {'cityName': '广州', 'cityId': 852}], 'isLogin': True, 'isAs': False, 'isPlatformAs': False, 'dep': {'depName': '测试自营分公司', 'level': 1, 'parentDepId': None, 'orgId': None, 'depId': 37, 'positionType': 1}, 'staffManagerLevel': 1, 'orgs': None}}
'09/11/2019 05:08:55 PM' - DEBUG - 预期结果         :{'code': 200}
'09/11/2019 05:08:55 PM' - INFO - 依赖数据缓存成功    :userId-->ID, 数据值为:6520137
'09/11/2019 05:08:55 PM' - INFO -  接口正常，测试通过！
'09/11/2019 05:08:55 PM' - DEBUG - ##############################...end Login case 1...##############################
'09/11/2019 05:08:55 PM' - DEBUG - #############################...start Login case 2...#############################
'09/11/2019 05:08:55 PM' - DEBUG - 用例名称         :ByPassword
'09/11/2019 05:08:55 PM' - DEBUG - 用例描述         :用户名或密码为空
'09/11/2019 05:08:55 PM' - DEBUG - 用例执行时间      :2019-09-11 17:08:55
'09/11/2019 05:08:55 PM' - DEBUG - ------------------------------------- 请求信息 -------------------------------------
'09/11/2019 05:08:55 PM' - DEBUG - 用例请求方法      :post
'09/11/2019 05:08:55 PM' - DEBUG - 接口地址         :https://as-web.fangdd.com/ioux/loginByPassword
'09/11/2019 05:08:55 PM' - DEBUG - 请求参数         :
'09/11/2019 05:08:55 PM' - DEBUG - 是否跳过         :否
'09/11/2019 05:08:55 PM' - DEBUG - 请求体           :{'username': '', 'password': 'Wawa521.'}
'09/11/2019 05:08:56 PM' - DEBUG - 响应结果         :{'error': True, 'code': -1, 'msg': '用户名或密码为空'}
'09/11/2019 05:08:56 PM' - DEBUG - 预期结果         :{'code': -1, 'msg': '用户名或密码为空'}
'09/11/2019 05:08:56 PM' - INFO -  接口正常，测试通过！
'09/11/2019 05:08:56 PM' - DEBUG - ##############################...end Login case 2...##############################
'09/11/2019 05:08:56 PM' - DEBUG - #############################...start Login case 3...#############################
'09/11/2019 05:08:56 PM' - DEBUG - 用例名称         :ByPassword
'09/11/2019 05:08:56 PM' - DEBUG - 用例描述         :用户名或密码为空
'09/11/2019 05:08:56 PM' - DEBUG - 用例执行时间      :2019-09-11 17:08:56
'09/11/2019 05:08:56 PM' - DEBUG - ------------------------------------- 请求信息 -------------------------------------
'09/11/2019 05:08:56 PM' - DEBUG - 用例请求方法      :post
'09/11/2019 05:08:56 PM' - DEBUG - 接口地址         :https://as-web.fangdd.com/ioux/loginByPassword
'09/11/2019 05:08:56 PM' - DEBUG - 请求参数         :
'09/11/2019 05:08:56 PM' - DEBUG - 是否跳过         :否
'09/11/2019 05:08:56 PM' - DEBUG - 请求体           :{'username': '18682236985', 'password': ''}
'09/11/2019 05:08:56 PM' - DEBUG - 响应结果         :{'error': True, 'code': -1, 'msg': '用户名或密码为空'}
'09/11/2019 05:08:56 PM' - DEBUG - 预期结果         :{'code': -1, 'msg': '用户名或密码为空'}
'09/11/2019 05:08:56 PM' - INFO -  接口正常，测试通过！
'09/11/2019 05:08:56 PM' - DEBUG - ##############################...end Login case 3...##############################
'09/11/2019 05:08:56 PM' - DEBUG - #############################...start Login case 4...#############################
'09/11/2019 05:08:56 PM' - DEBUG - 用例名称         :ByPassword
'09/11/2019 05:08:56 PM' - DEBUG - 用例描述         :用户名或密码错误
'09/11/2019 05:08:56 PM' - DEBUG - 用例执行时间      :2019-09-11 17:08:56
'09/11/2019 05:08:56 PM' - DEBUG - ------------------------------------- 请求信息 -------------------------------------
'09/11/2019 05:08:56 PM' - DEBUG - 用例请求方法      :post
'09/11/2019 05:08:56 PM' - DEBUG - 接口地址         :https://as-web.fangdd.com/ioux/loginByPassword
'09/11/2019 05:08:56 PM' - DEBUG - 请求参数         :
'09/11/2019 05:08:56 PM' - DEBUG - 是否跳过         :是
'09/11/2019 05:08:56 PM' - DEBUG - ##############################...end Login case 4...##############################
'09/11/2019 05:08:56 PM' - DEBUG - #############################...start Login case 5...#############################
'09/11/2019 05:08:56 PM' - DEBUG - 用例名称         :ByPassword
'09/11/2019 05:08:56 PM' - DEBUG - 用例描述         :用户名或密码错误
'09/11/2019 05:08:56 PM' - DEBUG - 用例执行时间      :2019-09-11 17:08:56
'09/11/2019 05:08:56 PM' - DEBUG - ------------------------------------- 请求信息 -------------------------------------
'09/11/2019 05:08:56 PM' - DEBUG - 用例请求方法      :post
'09/11/2019 05:08:56 PM' - DEBUG - 接口地址         :https://as-web.fangdd.com/ioux/loginByPassword
'09/11/2019 05:08:56 PM' - DEBUG - 请求参数         :
'09/11/2019 05:08:56 PM' - DEBUG - 是否跳过         :否
'09/11/2019 05:08:56 PM' - DEBUG - 请求体           :{'username': '13217176556', 'password': 'Wawa520.'}
'09/11/2019 05:08:56 PM' - DEBUG - 响应结果         :{'error': True, 'code': '40352', 'msg': 'User not exists or password incorrect'}
'09/11/2019 05:08:56 PM' - DEBUG - 预期结果         :{'code': '40353', 'msg': 'User not exists or password incorrect'}
'09/11/2019 05:08:56 PM' - ERROR -  接口异常，测试失败！
'09/11/2019 05:08:56 PM' - DEBUG - ##############################...end Login case 5...##############################
'09/11/2019 05:12:21 PM' - INFO - ========================================== 测试数据初始化 start! ==========================================
'09/11/2019 05:12:21 PM' - INFO - 获取项目根目录正常       :/Users/wawa/Desktop/code/api_automate_test
'09/11/2019 05:12:21 PM' - INFO - 获取项目根正常          :/Users/wawa/Desktop/code/api_automate_test/data/FDD接口测试用例.xlsx
'09/11/2019 05:12:21 PM' - INFO - 读取xlsx表格数据正常      :<xlrd.book.Book object at 0x10d6ac400>
'09/11/2019 05:12:21 PM' - INFO - 获取页签名称列表正常       :['ddsf', 'ddxf']
'09/11/2019 05:12:21 PM' - INFO - 获取名称页签对象正常     :{'ddsf': <xlrd.sheet.Sheet object at 0x10d6d9278>, 'ddxf': <xlrd.sheet.Sheet object at 0x10d6d92b0>}
'09/11/2019 05:12:21 PM' - INFO - 传入项目参数有效        :ddsf
'09/11/2019 05:12:21 PM' - INFO - 未传入json参数，默认地址为 :/Users/wawa/Desktop/code/api_automate_test/data/config.json
'09/11/2019 05:12:21 PM' - INFO - =========================================== 测试数据初始化 end! ===========================================
'09/11/2019 05:12:21 PM' - DEBUG - #############################...start Login case 1...#############################
'09/11/2019 05:12:22 PM' - DEBUG - 用例名称         :ByPassword
'09/11/2019 05:12:22 PM' - DEBUG - 用例描述         :用户名密码正确登录
'09/11/2019 05:12:22 PM' - DEBUG - 用例执行时间      :2019-09-11 17:12:22
'09/11/2019 05:12:22 PM' - DEBUG - ------------------------------------- 请求信息 -------------------------------------
'09/11/2019 05:12:22 PM' - DEBUG - 用例请求方法      :post
'09/11/2019 05:12:22 PM' - DEBUG - 接口地址         :https://as-web.fangdd.com/ioux/loginByPassword
'09/11/2019 05:12:22 PM' - DEBUG - 请求参数         :
'09/11/2019 05:12:22 PM' - DEBUG - 是否跳过         :否
'09/11/2019 05:12:22 PM' - DEBUG - 数据依赖类型      :relateOut
'09/11/2019 05:12:22 PM' - DEBUG - header          :{'content-type': 'application/json'}
'09/11/2019 05:12:22 PM' - DEBUG - 请求体           :{'username': '18682236985', 'password': 'Wawa520.'}
'09/11/2019 05:12:22 PM' - DEBUG - 响应结果         :{'code': 200, 'data': {'userId': 6520137, 'userName': '陈文建', 'realName': '陈文建', 'mobile': '18682236985', 'email': 'chenwenjian@fangdd.com', 'avatar': None, 'roleId': 1, 'roleName': '新房商服', 'orgId': 3, 'orgName': '测试自营分公司', 'serviceAgentCount': 0, 'cities': [{'cityName': '白山', 'cityId': 10204}, {'cityName': '东莞', 'cityId': 1406}, {'cityName': '苏州', 'cityId': 3}, {'cityName': '北京', 'cityId': 2179}, {'cityName': '成都', 'cityId': 450}, {'cityName': '武汉', 'cityId': 619}, {'cityName': '广州', 'cityId': 852}], 'isLogin': True, 'isAs': False, 'isPlatformAs': False, 'dep': {'depName': '测试自营分公司', 'level': 1, 'parentDepId': None, 'orgId': None, 'depId': 37, 'positionType': 1}, 'staffManagerLevel': 1, 'orgs': None}}
'09/11/2019 05:12:22 PM' - DEBUG - 预期结果         :{'code': 200}
'09/11/2019 05:12:22 PM' - INFO - 依赖数据缓存成功    :userId-->ID, 数据值为:6520137
'09/11/2019 05:12:22 PM' - INFO -  接口正常，测试通过！
'09/11/2019 05:12:22 PM' - DEBUG - ##############################...end Login case 1...##############################
'09/11/2019 05:12:22 PM' - DEBUG - #############################...start Login case 2...#############################
'09/11/2019 05:12:22 PM' - DEBUG - 用例名称         :ByPassword
'09/11/2019 05:12:22 PM' - DEBUG - 用例描述         :用户名或密码为空
'09/11/2019 05:12:22 PM' - DEBUG - 用例执行时间      :2019-09-11 17:12:22
'09/11/2019 05:12:22 PM' - DEBUG - ------------------------------------- 请求信息 -------------------------------------
'09/11/2019 05:12:22 PM' - DEBUG - 用例请求方法      :post
'09/11/2019 05:12:22 PM' - DEBUG - 接口地址         :https://as-web.fangdd.com/ioux/loginByPassword
'09/11/2019 05:12:22 PM' - DEBUG - 请求参数         :
'09/11/2019 05:12:22 PM' - DEBUG - 是否跳过         :否
'09/11/2019 05:12:22 PM' - DEBUG - 请求体           :{'username': '', 'password': 'Wawa521.'}
'09/11/2019 05:12:22 PM' - DEBUG - 响应结果         :{'error': True, 'code': -1, 'msg': '用户名或密码为空'}
'09/11/2019 05:12:22 PM' - DEBUG - 预期结果         :{'code': -1, 'msg': '用户名或密码为空'}
'09/11/2019 05:12:22 PM' - INFO -  接口正常，测试通过！
'09/11/2019 05:12:22 PM' - DEBUG - ##############################...end Login case 2...##############################
'09/11/2019 05:12:22 PM' - DEBUG - #############################...start Login case 3...#############################
'09/11/2019 05:12:22 PM' - DEBUG - 用例名称         :ByPassword
'09/11/2019 05:12:22 PM' - DEBUG - 用例描述         :用户名或密码为空
'09/11/2019 05:12:22 PM' - DEBUG - 用例执行时间      :2019-09-11 17:12:22
'09/11/2019 05:12:22 PM' - DEBUG - ------------------------------------- 请求信息 -------------------------------------
'09/11/2019 05:12:22 PM' - DEBUG - 用例请求方法      :post
'09/11/2019 05:12:22 PM' - DEBUG - 接口地址         :https://as-web.fangdd.com/ioux/loginByPassword
'09/11/2019 05:12:22 PM' - DEBUG - 请求参数         :
'09/11/2019 05:12:22 PM' - DEBUG - 是否跳过         :否
'09/11/2019 05:12:22 PM' - DEBUG - 请求体           :{'username': '18682236985', 'password': ''}
'09/11/2019 05:12:23 PM' - DEBUG - 响应结果         :{'error': True, 'code': -1, 'msg': '用户名或密码为空'}
'09/11/2019 05:12:23 PM' - DEBUG - 预期结果         :{'code': -1, 'msg': '用户名或密码为空'}
'09/11/2019 05:12:23 PM' - INFO -  接口正常，测试通过！
'09/11/2019 05:12:23 PM' - DEBUG - ##############################...end Login case 3...##############################
'09/11/2019 05:12:23 PM' - DEBUG - #############################...start Login case 4...#############################
'09/11/2019 05:12:23 PM' - DEBUG - 用例名称         :ByPassword
'09/11/2019 05:12:23 PM' - DEBUG - 用例描述         :用户名或密码错误
'09/11/2019 05:12:23 PM' - DEBUG - 用例执行时间      :2019-09-11 17:12:23
'09/11/2019 05:12:23 PM' - DEBUG - ------------------------------------- 请求信息 -------------------------------------
'09/11/2019 05:12:23 PM' - DEBUG - 用例请求方法      :post
'09/11/2019 05:12:23 PM' - DEBUG - 接口地址         :https://as-web.fangdd.com/ioux/loginByPassword
'09/11/2019 05:12:23 PM' - DEBUG - 请求参数         :
'09/11/2019 05:12:23 PM' - DEBUG - 是否跳过         :是
'09/11/2019 05:12:23 PM' - DEBUG - ##############################...end Login case 4...##############################
'09/11/2019 05:12:23 PM' - DEBUG - #############################...start Login case 5...#############################
'09/11/2019 05:12:23 PM' - DEBUG - 用例名称         :ByPassword
'09/11/2019 05:12:23 PM' - DEBUG - 用例描述         :用户名或密码错误
'09/11/2019 05:12:23 PM' - DEBUG - 用例执行时间      :2019-09-11 17:12:23
'09/11/2019 05:12:23 PM' - DEBUG - ------------------------------------- 请求信息 -------------------------------------
'09/11/2019 05:12:23 PM' - DEBUG - 用例请求方法      :post
'09/11/2019 05:12:23 PM' - DEBUG - 接口地址         :https://as-web.fangdd.com/ioux/loginByPassword
'09/11/2019 05:12:23 PM' - DEBUG - 请求参数         :
'09/11/2019 05:12:23 PM' - DEBUG - 是否跳过         :否
'09/11/2019 05:12:23 PM' - DEBUG - 请求体           :{'username': '13217176556', 'password': 'Wawa520.'}
'09/11/2019 05:12:23 PM' - DEBUG - 响应结果         :{'error': True, 'code': '40352', 'msg': 'User not exists or password incorrect'}
'09/11/2019 05:12:23 PM' - DEBUG - 预期结果         :{'code': '40353', 'msg': 'User not exists or password incorrect'}
'09/11/2019 05:12:23 PM' - ERROR -  接口异常，测试失败！
'09/11/2019 05:12:23 PM' - DEBUG - ##############################...end Login case 5...##############################
'09/11/2019 05:14:43 PM' - INFO - ========================================== 测试数据初始化 start! ==========================================
'09/11/2019 05:14:43 PM' - INFO - 获取项目根目录正常       :/Users/wawa/Desktop/code/api_automate_test
'09/11/2019 05:14:43 PM' - INFO - 获取项目根正常          :/Users/wawa/Desktop/code/api_automate_test/data/FDD接口测试用例.xlsx
'09/11/2019 05:14:43 PM' - INFO - 读取xlsx表格数据正常      :<xlrd.book.Book object at 0x10d7b7390>
'09/11/2019 05:14:43 PM' - INFO - 获取页签名称列表正常       :['ddsf', 'ddxf']
'09/11/2019 05:14:43 PM' - INFO - 获取名称页签对象正常     :{'ddsf': <xlrd.sheet.Sheet object at 0x10d7e3208>, 'ddxf': <xlrd.sheet.Sheet object at 0x10d7e3240>}
'09/11/2019 05:14:43 PM' - INFO - 传入项目参数有效        :ddsf
'09/11/2019 05:14:43 PM' - INFO - 未传入json参数，默认地址为 :/Users/wawa/Desktop/code/api_automate_test/data/config.json
'09/11/2019 05:14:43 PM' - INFO - =========================================== 测试数据初始化 end! ===========================================
'09/11/2019 05:14:43 PM' - DEBUG - #############################...start Login case 1...#############################
'09/11/2019 05:14:43 PM' - DEBUG - 用例名称         :ByPassword
'09/11/2019 05:14:43 PM' - DEBUG - 用例描述         :用户名密码正确登录
'09/11/2019 05:14:43 PM' - DEBUG - 用例执行时间      :2019-09-11 17:14:43
'09/11/2019 05:14:43 PM' - DEBUG - ------------------------------------- 请求信息 -------------------------------------
'09/11/2019 05:14:43 PM' - DEBUG - 用例请求方法      :post
'09/11/2019 05:14:43 PM' - DEBUG - 接口地址         :https://as-web.fangdd.com/ioux/loginByPassword
'09/11/2019 05:14:43 PM' - DEBUG - 请求参数         :
'09/11/2019 05:14:43 PM' - DEBUG - 是否跳过         :否
'09/11/2019 05:14:43 PM' - DEBUG - 数据依赖类型      :relateOut
'09/11/2019 05:14:43 PM' - DEBUG - header          :{'content-type': 'application/json'}
'09/11/2019 05:14:43 PM' - DEBUG - 请求体           :{'username': '18682236985', 'password': 'Wawa520.'}
'09/11/2019 05:14:44 PM' - DEBUG - 响应结果         :{'code': 200, 'data': {'userId': 6520137, 'userName': '陈文建', 'realName': '陈文建', 'mobile': '18682236985', 'email': 'chenwenjian@fangdd.com', 'avatar': None, 'roleId': 1, 'roleName': '新房商服', 'orgId': 3, 'orgName': '测试自营分公司', 'serviceAgentCount': 0, 'cities': [{'cityName': '白山', 'cityId': 10204}, {'cityName': '东莞', 'cityId': 1406}, {'cityName': '苏州', 'cityId': 3}, {'cityName': '北京', 'cityId': 2179}, {'cityName': '成都', 'cityId': 450}, {'cityName': '武汉', 'cityId': 619}, {'cityName': '广州', 'cityId': 852}], 'isLogin': True, 'isAs': False, 'isPlatformAs': False, 'dep': {'depName': '测试自营分公司', 'level': 1, 'parentDepId': None, 'orgId': None, 'depId': 37, 'positionType': 1}, 'staffManagerLevel': 1, 'orgs': None}}
'09/11/2019 05:14:44 PM' - DEBUG - 预期结果         :{'code': 200}
'09/11/2019 05:14:44 PM' - INFO - 依赖数据缓存成功    :userId-->ID, 数据值为:6520137
'09/11/2019 05:14:44 PM' - INFO -  接口正常，测试通过！
'09/11/2019 05:14:44 PM' - DEBUG - ##############################...end Login case 1...##############################
'09/11/2019 05:14:44 PM' - DEBUG - #############################...start Login case 2...#############################
'09/11/2019 05:14:44 PM' - DEBUG - 用例名称         :ByPassword
'09/11/2019 05:14:44 PM' - DEBUG - 用例描述         :用户名或密码为空
'09/11/2019 05:14:44 PM' - DEBUG - 用例执行时间      :2019-09-11 17:14:44
'09/11/2019 05:14:44 PM' - DEBUG - ------------------------------------- 请求信息 -------------------------------------
'09/11/2019 05:14:44 PM' - DEBUG - 用例请求方法      :post
'09/11/2019 05:14:44 PM' - DEBUG - 接口地址         :https://as-web.fangdd.com/ioux/loginByPassword
'09/11/2019 05:14:44 PM' - DEBUG - 请求参数         :
'09/11/2019 05:14:44 PM' - DEBUG - 是否跳过         :否
'09/11/2019 05:14:44 PM' - DEBUG - 请求体           :{'username': '', 'password': 'Wawa521.'}
'09/11/2019 05:14:44 PM' - DEBUG - 响应结果         :{'error': True, 'code': -1, 'msg': '用户名或密码为空'}
'09/11/2019 05:14:44 PM' - DEBUG - 预期结果         :{'code': -1, 'msg': '用户名或密码为空'}
'09/11/2019 05:14:44 PM' - INFO -  接口正常，测试通过！
'09/11/2019 05:14:44 PM' - DEBUG - ##############################...end Login case 2...##############################
'09/11/2019 05:14:44 PM' - DEBUG - #############################...start Login case 3...#############################
'09/11/2019 05:14:44 PM' - DEBUG - 用例名称         :ByPassword
'09/11/2019 05:14:44 PM' - DEBUG - 用例描述         :用户名或密码为空
'09/11/2019 05:14:44 PM' - DEBUG - 用例执行时间      :2019-09-11 17:14:44
'09/11/2019 05:14:44 PM' - DEBUG - ------------------------------------- 请求信息 -------------------------------------
'09/11/2019 05:14:44 PM' - DEBUG - 用例请求方法      :post
'09/11/2019 05:14:44 PM' - DEBUG - 接口地址         :https://as-web.fangdd.com/ioux/loginByPassword
'09/11/2019 05:14:44 PM' - DEBUG - 请求参数         :
'09/11/2019 05:14:44 PM' - DEBUG - 是否跳过         :否
'09/11/2019 05:14:44 PM' - DEBUG - 请求体           :{'username': '18682236985', 'password': ''}
'09/11/2019 05:14:45 PM' - DEBUG - 响应结果         :{'error': True, 'code': -1, 'msg': '用户名或密码为空'}
'09/11/2019 05:14:45 PM' - DEBUG - 预期结果         :{'code': -1, 'msg': '用户名或密码为空'}
'09/11/2019 05:14:45 PM' - INFO -  接口正常，测试通过！
'09/11/2019 05:14:45 PM' - DEBUG - ##############################...end Login case 3...##############################
'09/11/2019 05:14:45 PM' - DEBUG - #############################...start Login case 4...#############################
'09/11/2019 05:14:45 PM' - DEBUG - 用例名称         :ByPassword
'09/11/2019 05:14:45 PM' - DEBUG - 用例描述         :用户名或密码错误
'09/11/2019 05:14:45 PM' - DEBUG - 用例执行时间      :2019-09-11 17:14:45
'09/11/2019 05:14:45 PM' - DEBUG - ------------------------------------- 请求信息 -------------------------------------
'09/11/2019 05:14:45 PM' - DEBUG - 用例请求方法      :post
'09/11/2019 05:14:45 PM' - DEBUG - 接口地址         :https://as-web.fangdd.com/ioux/loginByPassword
'09/11/2019 05:14:45 PM' - DEBUG - 请求参数         :
'09/11/2019 05:14:45 PM' - DEBUG - 是否跳过         :是
'09/11/2019 05:14:45 PM' - DEBUG - ##############################...end Login case 4...##############################
'09/11/2019 05:14:45 PM' - DEBUG - #############################...start Login case 5...#############################
'09/11/2019 05:14:45 PM' - DEBUG - 用例名称         :ByPassword
'09/11/2019 05:14:45 PM' - DEBUG - 用例描述         :用户名或密码错误
'09/11/2019 05:14:45 PM' - DEBUG - 用例执行时间      :2019-09-11 17:14:45
'09/11/2019 05:14:45 PM' - DEBUG - ------------------------------------- 请求信息 -------------------------------------
'09/11/2019 05:14:45 PM' - DEBUG - 用例请求方法      :post
'09/11/2019 05:14:45 PM' - DEBUG - 接口地址         :https://as-web.fangdd.com/ioux/loginByPassword
'09/11/2019 05:14:45 PM' - DEBUG - 请求参数         :
'09/11/2019 05:14:45 PM' - DEBUG - 是否跳过         :否
'09/11/2019 05:14:45 PM' - DEBUG - 请求体           :{'username': '13217176556', 'password': 'Wawa520.'}
'09/11/2019 05:14:45 PM' - DEBUG - 响应结果         :{'error': True, 'code': '40352', 'msg': 'User not exists or password incorrect'}
'09/11/2019 05:14:45 PM' - DEBUG - 预期结果         :{'code': '40353', 'msg': 'User not exists or password incorrect'}
'09/11/2019 05:14:45 PM' - ERROR -  接口异常，测试失败！
'09/11/2019 05:14:45 PM' - DEBUG - ##############################...end Login case 5...##############################
'09/11/2019 07:28:57 PM' - INFO - ========================================== 测试数据初始化 start! ==========================================
'09/11/2019 07:28:57 PM' - INFO - 获取项目根目录正常       :/Users/wawa/Desktop/code/api_automate_test
'09/11/2019 07:28:57 PM' - INFO - 获取项目根正常          :/Users/wawa/Desktop/code/api_automate_test/data/FDD接口测试用例.xlsx
'09/11/2019 07:28:57 PM' - INFO - 读取xlsx表格数据正常      :<xlrd.book.Book object at 0x10d7b85c0>
'09/11/2019 07:28:57 PM' - INFO - 获取页签名称列表正常       :['ddsf', 'ddxf']
'09/11/2019 07:28:57 PM' - INFO - 获取名称页签对象正常     :{'ddsf': <xlrd.sheet.Sheet object at 0x10d7e4438>, 'ddxf': <xlrd.sheet.Sheet object at 0x10d7e4470>}
'09/11/2019 07:28:57 PM' - INFO - 传入项目参数有效        :ddsf
'09/11/2019 07:28:57 PM' - INFO - 未传入json参数，默认地址为 :/Users/wawa/Desktop/code/api_automate_test/data/config.json
'09/11/2019 07:28:57 PM' - INFO - =========================================== 测试数据初始化 end! ===========================================
'09/11/2019 07:28:57 PM' - DEBUG - #############################...start Login case 1...#############################
'09/11/2019 07:28:57 PM' - DEBUG - 用例名称         :ByPassword
'09/11/2019 07:28:57 PM' - DEBUG - 用例描述         :用户名密码正确登录
'09/11/2019 07:28:57 PM' - DEBUG - 用例执行时间      :2019-09-11 19:28:57
'09/11/2019 07:28:57 PM' - DEBUG - ------------------------------------- 请求信息 -------------------------------------
'09/11/2019 07:28:57 PM' - DEBUG - 用例请求方法      :post
'09/11/2019 07:28:57 PM' - DEBUG - 接口地址         :https://as-web.fangdd.com/ioux/loginByPassword
'09/11/2019 07:28:57 PM' - DEBUG - 请求参数         :
'09/11/2019 07:28:57 PM' - DEBUG - 是否跳过         :否
'09/11/2019 07:28:57 PM' - DEBUG - 数据依赖类型      :relateOut
'09/11/2019 07:28:57 PM' - DEBUG - header          :{'content-type': 'application/json'}
'09/11/2019 07:28:57 PM' - DEBUG - 请求体           :{'username': '18682236985', 'password': 'Wawa520.'}
'09/11/2019 07:28:57 PM' - DEBUG - 响应结果         :{'code': 200, 'data': {'userId': 6520137, 'userName': '陈文建', 'realName': '陈文建', 'mobile': '18682236985', 'email': 'chenwenjian@fangdd.com', 'avatar': None, 'roleId': 1, 'roleName': '新房商服', 'orgId': 3, 'orgName': '测试自营分公司', 'serviceAgentCount': 0, 'cities': [{'cityName': '白山', 'cityId': 10204}, {'cityName': '东莞', 'cityId': 1406}, {'cityName': '苏州', 'cityId': 3}, {'cityName': '北京', 'cityId': 2179}, {'cityName': '成都', 'cityId': 450}, {'cityName': '武汉', 'cityId': 619}, {'cityName': '广州', 'cityId': 852}, {'cityName': '福州', 'cityId': 8358}], 'isLogin': True, 'isAs': False, 'isPlatformAs': False, 'dep': {'depName': '测试自营分公司', 'level': 1, 'parentDepId': None, 'orgId': None, 'depId': 37, 'positionType': 1}, 'staffManagerLevel': 1, 'orgs': None}}
'09/11/2019 07:28:57 PM' - DEBUG - 预期结果         :{'code': 200}
'09/11/2019 07:28:57 PM' - INFO - 依赖数据缓存成功    :userId-->ID, 数据值为:6520137
'09/11/2019 07:28:57 PM' - INFO -  测试通过！
'09/11/2019 07:28:57 PM' - DEBUG - ##############################...end Login case 1...##############################
'09/11/2019 07:28:57 PM' - DEBUG - #############################...start Login case 2...#############################
'09/11/2019 07:28:57 PM' - DEBUG - 用例名称         :ByPassword
'09/11/2019 07:28:57 PM' - DEBUG - 用例描述         :用户名或密码为空
'09/11/2019 07:28:57 PM' - DEBUG - 用例执行时间      :2019-09-11 19:28:57
'09/11/2019 07:28:57 PM' - DEBUG - ------------------------------------- 请求信息 -------------------------------------
'09/11/2019 07:28:57 PM' - DEBUG - 用例请求方法      :post
'09/11/2019 07:28:57 PM' - DEBUG - 接口地址         :https://as-web.fangdd.com/ioux/loginByPassword
'09/11/2019 07:28:57 PM' - DEBUG - 请求参数         :
'09/11/2019 07:28:57 PM' - DEBUG - 是否跳过         :否
'09/11/2019 07:28:57 PM' - DEBUG - 请求体           :{'username': '', 'password': 'Wawa521.'}
'09/11/2019 07:28:58 PM' - DEBUG - 响应结果         :{'error': True, 'code': -1, 'msg': '用户名或密码为空'}
'09/11/2019 07:28:58 PM' - DEBUG - 预期结果         :{'code': -1, 'msg': '用户名或密码为空'}
'09/11/2019 07:28:58 PM' - INFO -  测试通过！
'09/11/2019 07:28:58 PM' - DEBUG - ##############################...end Login case 2...##############################
'09/11/2019 07:28:58 PM' - DEBUG - #############################...start Login case 3...#############################
'09/11/2019 07:28:58 PM' - DEBUG - 用例名称         :ByPassword
'09/11/2019 07:28:58 PM' - DEBUG - 用例描述         :用户名或密码为空
'09/11/2019 07:28:58 PM' - DEBUG - 用例执行时间      :2019-09-11 19:28:58
'09/11/2019 07:28:58 PM' - DEBUG - ------------------------------------- 请求信息 -------------------------------------
'09/11/2019 07:28:58 PM' - DEBUG - 用例请求方法      :post
'09/11/2019 07:28:58 PM' - DEBUG - 接口地址         :https://as-web.fangdd.com/ioux/loginByPassword
'09/11/2019 07:28:58 PM' - DEBUG - 请求参数         :
'09/11/2019 07:28:58 PM' - DEBUG - 是否跳过         :否
'09/11/2019 07:28:58 PM' - DEBUG - 请求体           :{'username': '18682236985', 'password': ''}
'09/11/2019 07:28:58 PM' - DEBUG - 响应结果         :{'error': True, 'code': -1, 'msg': '用户名或密码为空'}
'09/11/2019 07:28:58 PM' - DEBUG - 预期结果         :{'code': -1, 'msg': '用户名或密码为空'}
'09/11/2019 07:28:58 PM' - INFO -  测试通过！
'09/11/2019 07:28:58 PM' - DEBUG - ##############################...end Login case 3...##############################
'09/11/2019 07:28:58 PM' - DEBUG - #############################...start Login case 4...#############################
'09/11/2019 07:28:58 PM' - DEBUG - 用例名称         :ByPassword
'09/11/2019 07:28:58 PM' - DEBUG - 用例描述         :用户名或密码错误
'09/11/2019 07:28:58 PM' - DEBUG - 用例执行时间      :2019-09-11 19:28:58
'09/11/2019 07:28:58 PM' - DEBUG - ------------------------------------- 请求信息 -------------------------------------
'09/11/2019 07:28:58 PM' - DEBUG - 用例请求方法      :post
'09/11/2019 07:28:58 PM' - DEBUG - 接口地址         :https://as-web.fangdd.com/ioux/loginByPassword
'09/11/2019 07:28:58 PM' - DEBUG - 请求参数         :
'09/11/2019 07:28:58 PM' - DEBUG - 是否跳过         :是
'09/11/2019 07:28:58 PM' - DEBUG - ##############################...end Login case 4...##############################
'09/11/2019 07:28:58 PM' - DEBUG - #############################...start Login case 5...#############################
'09/11/2019 07:28:58 PM' - DEBUG - 用例名称         :ByPassword
'09/11/2019 07:28:58 PM' - DEBUG - 用例描述         :用户名或密码错误
'09/11/2019 07:28:58 PM' - DEBUG - 用例执行时间      :2019-09-11 19:28:58
'09/11/2019 07:28:58 PM' - DEBUG - ------------------------------------- 请求信息 -------------------------------------
'09/11/2019 07:28:58 PM' - DEBUG - 用例请求方法      :post
'09/11/2019 07:28:58 PM' - DEBUG - 接口地址         :https://as-web.fangdd.com/ioux/loginByPassword
'09/11/2019 07:28:58 PM' - DEBUG - 请求参数         :
'09/11/2019 07:28:58 PM' - DEBUG - 是否跳过         :否
'09/11/2019 07:28:58 PM' - DEBUG - 请求体           :{'username': '13217176556', 'password': 'Wawa520.'}
'09/11/2019 07:28:58 PM' - DEBUG - 响应结果         :{'error': True, 'code': '40352', 'msg': 'User not exists or password incorrect'}
'09/11/2019 07:28:58 PM' - DEBUG - 预期结果         :{'code': '40353', 'msg': 'User not exists or password incorrect'}
'09/11/2019 07:28:58 PM' - ERROR -  测试失败！
'09/11/2019 07:28:58 PM' - DEBUG - ##############################...end Login case 5...##############################
'09/11/2019 07:42:30 PM' - INFO - ========================================== 测试数据初始化 start! ==========================================
'09/11/2019 07:42:30 PM' - INFO - 获取项目根目录正常 :/Users/wawa/Desktop/code/api_automate_test
'09/11/2019 07:42:30 PM' - INFO - 获取项目根正常          :/Users/wawa/Desktop/code/api_automate_test/data/FDD接口测试用例.xlsx
'09/11/2019 07:42:30 PM' - INFO - 读取xlsx表格数据正常:<xlrd.book.Book object at 0x10d7b7080>
'09/11/2019 07:42:30 PM' - INFO - 获取页签名称列表正常 :['ddsf', 'ddxf']
'09/11/2019 07:42:30 PM' - INFO - 获取名称页签对象正常 :{'ddsf': <xlrd.sheet.Sheet object at 0x10d7df518>, 'ddxf': <xlrd.sheet.Sheet object at 0x10d7df550>}
'09/11/2019 07:42:30 PM' - INFO - 传入项目参数有效 :ddsf
'09/11/2019 07:42:30 PM' - INFO - 未传入json参数，默认地址为 :/Users/wawa/Desktop/code/api_automate_test/data/config.json
'09/11/2019 07:42:30 PM' - INFO - =========================================== 测试数据初始化 end! ===========================================
'09/11/2019 07:42:30 PM' - DEBUG - #############################...start Login case 1...#############################
'09/11/2019 07:42:30 PM' - DEBUG - 用例名称         :ByPassword
'09/11/2019 07:42:30 PM' - DEBUG - 用例描述         :用户名密码正确登录
'09/11/2019 07:42:30 PM' - DEBUG - 用例执行时间      :2019-09-11 19:42:30
'09/11/2019 07:42:30 PM' - DEBUG - ------------------------------------- 请求信息 -------------------------------------
'09/11/2019 07:42:30 PM' - DEBUG - 用例请求方法      :post
'09/11/2019 07:42:30 PM' - DEBUG - 接口地址         :https://as-web.fangdd.com/ioux/loginByPassword
'09/11/2019 07:42:30 PM' - DEBUG - 请求参数         :
'09/11/2019 07:42:30 PM' - DEBUG - 是否跳过         :否
'09/11/2019 07:42:30 PM' - DEBUG - 数据依赖类型      :relateOut
'09/11/2019 07:42:30 PM' - DEBUG - header          :{'content-type': 'application/json'}
'09/11/2019 07:42:30 PM' - DEBUG - 请求体           :{'username': '18682236985', 'password': 'Wawa520.'}
'09/11/2019 07:42:31 PM' - DEBUG - 响应结果         :{'code': 200, 'data': {'userId': 6520137, 'userName': '陈文建', 'realName': '陈文建', 'mobile': '18682236985', 'email': 'chenwenjian@fangdd.com', 'avatar': None, 'roleId': 1, 'roleName': '新房商服', 'orgId': 3, 'orgName': '测试自营分公司', 'serviceAgentCount': 0, 'cities': [{'cityName': '白山', 'cityId': 10204}, {'cityName': '东莞', 'cityId': 1406}, {'cityName': '苏州', 'cityId': 3}, {'cityName': '北京', 'cityId': 2179}, {'cityName': '成都', 'cityId': 450}, {'cityName': '武汉', 'cityId': 619}, {'cityName': '广州', 'cityId': 852}, {'cityName': '福州', 'cityId': 8358}], 'isLogin': True, 'isAs': False, 'isPlatformAs': False, 'dep': {'depName': '测试自营分公司', 'level': 1, 'parentDepId': None, 'orgId': None, 'depId': 37, 'positionType': 1}, 'staffManagerLevel': 1, 'orgs': None}}
'09/11/2019 07:42:31 PM' - DEBUG - 预期结果         :{'code': 200}
'09/11/2019 07:42:31 PM' - INFO - 依赖数据缓存成功    :userId-->ID, 数据值为:6520137
'09/11/2019 07:42:31 PM' - INFO - 测试结果         :测试通过！
'09/11/2019 07:42:31 PM' - DEBUG - ##############################...end Login case 1...##############################
'09/11/2019 07:42:31 PM' - DEBUG - #############################...start Login case 2...#############################
'09/11/2019 07:42:31 PM' - DEBUG - 用例名称         :ByPassword
'09/11/2019 07:42:31 PM' - DEBUG - 用例描述         :用户名或密码为空
'09/11/2019 07:42:31 PM' - DEBUG - 用例执行时间      :2019-09-11 19:42:31
'09/11/2019 07:42:31 PM' - DEBUG - ------------------------------------- 请求信息 -------------------------------------
'09/11/2019 07:42:31 PM' - DEBUG - 用例请求方法      :post
'09/11/2019 07:42:31 PM' - DEBUG - 接口地址         :https://as-web.fangdd.com/ioux/loginByPassword
'09/11/2019 07:42:31 PM' - DEBUG - 请求参数         :
'09/11/2019 07:42:31 PM' - DEBUG - 是否跳过         :否
'09/11/2019 07:42:31 PM' - DEBUG - 请求体           :{'username': '', 'password': 'Wawa521.'}
'09/11/2019 07:42:31 PM' - DEBUG - 响应结果         :{'error': True, 'code': -1, 'msg': '用户名或密码为空'}
'09/11/2019 07:42:31 PM' - DEBUG - 预期结果         :{'code': -1, 'msg': '用户名或密码为空'}
'09/11/2019 07:42:31 PM' - INFO - 测试结果         :测试通过！
'09/11/2019 07:42:31 PM' - DEBUG - ##############################...end Login case 2...##############################
'09/11/2019 07:42:31 PM' - DEBUG - #############################...start Login case 3...#############################
'09/11/2019 07:42:31 PM' - DEBUG - 用例名称         :ByPassword
'09/11/2019 07:42:31 PM' - DEBUG - 用例描述         :用户名或密码为空
'09/11/2019 07:42:31 PM' - DEBUG - 用例执行时间      :2019-09-11 19:42:31
'09/11/2019 07:42:31 PM' - DEBUG - ------------------------------------- 请求信息 -------------------------------------
'09/11/2019 07:42:31 PM' - DEBUG - 用例请求方法      :post
'09/11/2019 07:42:31 PM' - DEBUG - 接口地址         :https://as-web.fangdd.com/ioux/loginByPassword
'09/11/2019 07:42:31 PM' - DEBUG - 请求参数         :
'09/11/2019 07:42:31 PM' - DEBUG - 是否跳过         :否
'09/11/2019 07:42:31 PM' - DEBUG - 请求体           :{'username': '18682236985', 'password': ''}
'09/11/2019 07:42:31 PM' - DEBUG - 响应结果         :{'error': True, 'code': -1, 'msg': '用户名或密码为空'}
'09/11/2019 07:42:31 PM' - DEBUG - 预期结果         :{'code': -1, 'msg': '用户名或密码为空'}
'09/11/2019 07:42:31 PM' - INFO - 测试结果         :测试通过！
'09/11/2019 07:42:31 PM' - DEBUG - ##############################...end Login case 3...##############################
'09/11/2019 07:42:31 PM' - DEBUG - #############################...start Login case 4...#############################
'09/11/2019 07:42:31 PM' - DEBUG - 用例名称         :ByPassword
'09/11/2019 07:42:31 PM' - DEBUG - 用例描述         :用户名或密码错误
'09/11/2019 07:42:31 PM' - DEBUG - 用例执行时间      :2019-09-11 19:42:31
'09/11/2019 07:42:31 PM' - DEBUG - ------------------------------------- 请求信息 -------------------------------------
'09/11/2019 07:42:31 PM' - DEBUG - 用例请求方法      :post
'09/11/2019 07:42:31 PM' - DEBUG - 接口地址         :https://as-web.fangdd.com/ioux/loginByPassword
'09/11/2019 07:42:31 PM' - DEBUG - 请求参数         :
'09/11/2019 07:42:31 PM' - DEBUG - 是否跳过         :是
'09/11/2019 07:42:31 PM' - DEBUG - ##############################...end Login case 4...##############################
'09/11/2019 07:42:31 PM' - DEBUG - #############################...start Login case 5...#############################
'09/11/2019 07:42:31 PM' - DEBUG - 用例名称         :ByPassword
'09/11/2019 07:42:31 PM' - DEBUG - 用例描述         :用户名或密码错误
'09/11/2019 07:42:31 PM' - DEBUG - 用例执行时间      :2019-09-11 19:42:31
'09/11/2019 07:42:31 PM' - DEBUG - ------------------------------------- 请求信息 -------------------------------------
'09/11/2019 07:42:31 PM' - DEBUG - 用例请求方法      :post
'09/11/2019 07:42:31 PM' - DEBUG - 接口地址         :https://as-web.fangdd.com/ioux/loginByPassword
'09/11/2019 07:42:31 PM' - DEBUG - 请求参数         :
'09/11/2019 07:42:31 PM' - DEBUG - 是否跳过         :否
'09/11/2019 07:42:31 PM' - DEBUG - 请求体           :{'username': '13217176556', 'password': 'Wawa520.'}
'09/11/2019 07:42:31 PM' - DEBUG - 响应结果         :{'error': True, 'code': '40352', 'msg': 'User not exists or password incorrect'}
'09/11/2019 07:42:31 PM' - DEBUG - 预期结果         :{'code': '40353', 'msg': 'User not exists or password incorrect'}
'09/11/2019 07:42:31 PM' - ERROR - 测试结果         :测试失败！
'09/11/2019 07:42:31 PM' - DEBUG - ##############################...end Login case 5...##############################
'09/11/2019 08:51:40 PM' - INFO - ========================================== 测试数据初始化 start! ==========================================
'09/11/2019 08:51:40 PM' - INFO - 获取项目根目录正常 :/Users/wawa/Desktop/code/api_automate_test
'09/11/2019 08:51:40 PM' - INFO - 获取项目根正常          :/Users/wawa/Desktop/code/api_automate_test/data/FDD接口测试用例.xlsx
'09/11/2019 08:51:40 PM' - INFO - 读取xlsx表格数据正常:<xlrd.book.Book object at 0x10d7f47b8>
'09/11/2019 08:51:40 PM' - INFO - 获取页签名称列表正常 :['ddsf', 'ddxf']
'09/11/2019 08:51:40 PM' - INFO - 获取名称页签对象正常 :{'ddsf': <xlrd.sheet.Sheet object at 0x10d81f630>, 'ddxf': <xlrd.sheet.Sheet object at 0x10d81f668>}
'09/11/2019 08:51:40 PM' - INFO - 传入项目参数有效 :ddsf
'09/11/2019 08:51:40 PM' - INFO - 未传入json参数，默认地址为 :/Users/wawa/Desktop/code/api_automate_test/data/config.json
'09/11/2019 08:51:40 PM' - INFO - =========================================== 测试数据初始化 end! ===========================================
'09/11/2019 08:51:40 PM' - DEBUG - #############################...start Login case 1...#############################
'09/11/2019 08:51:40 PM' - DEBUG - 用例名称         :ByPassword
'09/11/2019 08:51:40 PM' - DEBUG - 用例描述         :用户名密码正确登录
'09/11/2019 08:51:40 PM' - DEBUG - 用例执行时间      :2019-09-11 20:51:40
'09/11/2019 08:51:40 PM' - DEBUG - ------------------------------------- 请求信息 -------------------------------------
'09/11/2019 08:51:40 PM' - DEBUG - 用例请求方法      :post
'09/11/2019 08:51:40 PM' - DEBUG - 接口地址         :https://as-web.fangdd.com/ioux/loginByPassword
'09/11/2019 08:51:40 PM' - DEBUG - 请求参数         :
'09/11/2019 08:51:40 PM' - DEBUG - 是否跳过         :否
'09/11/2019 08:51:40 PM' - DEBUG - 数据依赖类型      :relateOut
'09/11/2019 08:51:40 PM' - DEBUG - header          :{'content-type': 'application/json'}
'09/11/2019 08:51:40 PM' - DEBUG - 请求体           :{'username': '18682236985', 'password': 'Wawa520.'}
'09/11/2019 08:51:41 PM' - DEBUG - 响应结果         :{'code': 200, 'data': {'userId': 6520137, 'userName': '陈文建', 'realName': '陈文建', 'mobile': '18682236985', 'email': 'chenwenjian@fangdd.com', 'avatar': None, 'roleId': 1, 'roleName': '新房商服', 'orgId': 3, 'orgName': '测试自营分公司', 'serviceAgentCount': 0, 'cities': [{'cityName': '白山', 'cityId': 10204}, {'cityName': '东莞', 'cityId': 1406}, {'cityName': '苏州', 'cityId': 3}, {'cityName': '北京', 'cityId': 2179}, {'cityName': '成都', 'cityId': 450}, {'cityName': '武汉', 'cityId': 619}, {'cityName': '广州', 'cityId': 852}, {'cityName': '福州', 'cityId': 8358}], 'isLogin': True, 'isAs': False, 'isPlatformAs': False, 'dep': {'depName': '测试自营分公司', 'level': 1, 'parentDepId': None, 'orgId': None, 'depId': 37, 'positionType': 1}, 'staffManagerLevel': 1, 'orgs': None}}
'09/11/2019 08:51:41 PM' - DEBUG - 预期结果         :{'code': 200}
'09/11/2019 08:51:41 PM' - INFO - 依赖数据缓存成功    :userId-->ID, 数据值为:6520137
'09/11/2019 08:51:41 PM' - INFO - 测试结果         :测试通过！
'09/11/2019 08:51:41 PM' - DEBUG - ##############################...end Login case 1...##############################
'09/11/2019 08:51:41 PM' - DEBUG - #############################...start Login case 2...#############################
'09/11/2019 08:51:41 PM' - DEBUG - 用例名称         :ByPassword
'09/11/2019 08:51:41 PM' - DEBUG - 用例描述         :用户名或密码为空
'09/11/2019 08:51:41 PM' - DEBUG - 用例执行时间      :2019-09-11 20:51:41
'09/11/2019 08:51:41 PM' - DEBUG - ------------------------------------- 请求信息 -------------------------------------
'09/11/2019 08:51:41 PM' - DEBUG - 用例请求方法      :post
'09/11/2019 08:51:41 PM' - DEBUG - 接口地址         :https://as-web.fangdd.com/ioux/loginByPassword
'09/11/2019 08:51:41 PM' - DEBUG - 请求参数         :
'09/11/2019 08:51:41 PM' - DEBUG - 是否跳过         :否
'09/11/2019 08:51:41 PM' - DEBUG - 请求体           :{'username': '', 'password': 'Wawa521.'}
'09/11/2019 08:51:41 PM' - DEBUG - 响应结果         :{'error': True, 'code': -1, 'msg': '用户名或密码为空'}
'09/11/2019 08:51:41 PM' - DEBUG - 预期结果         :{'code': -1, 'msg': '用户名或密码为空'}
'09/11/2019 08:51:41 PM' - INFO - 测试结果         :测试通过！
'09/11/2019 08:51:41 PM' - DEBUG - ##############################...end Login case 2...##############################
'09/11/2019 08:51:41 PM' - DEBUG - #############################...start Login case 3...#############################
'09/11/2019 08:51:41 PM' - DEBUG - 用例名称         :ByPassword
'09/11/2019 08:51:41 PM' - DEBUG - 用例描述         :用户名或密码为空
'09/11/2019 08:51:41 PM' - DEBUG - 用例执行时间      :2019-09-11 20:51:41
'09/11/2019 08:51:41 PM' - DEBUG - ------------------------------------- 请求信息 -------------------------------------
'09/11/2019 08:51:41 PM' - DEBUG - 用例请求方法      :post
'09/11/2019 08:51:41 PM' - DEBUG - 接口地址         :https://as-web.fangdd.com/ioux/loginByPassword
'09/11/2019 08:51:41 PM' - DEBUG - 请求参数         :
'09/11/2019 08:51:41 PM' - DEBUG - 是否跳过         :否
'09/11/2019 08:51:41 PM' - DEBUG - 请求体           :{'username': '18682236985', 'password': ''}
'09/11/2019 08:51:41 PM' - DEBUG - 响应结果         :{'error': True, 'code': -1, 'msg': '用户名或密码为空'}
'09/11/2019 08:51:41 PM' - DEBUG - 预期结果         :{'code': -1, 'msg': '用户名或密码为空'}
'09/11/2019 08:51:41 PM' - INFO - 测试结果         :测试通过！
'09/11/2019 08:51:41 PM' - DEBUG - ##############################...end Login case 3...##############################
'09/11/2019 08:51:41 PM' - DEBUG - #############################...start Login case 4...#############################
'09/11/2019 08:51:41 PM' - DEBUG - 用例名称         :ByPassword
'09/11/2019 08:51:41 PM' - DEBUG - 用例描述         :用户名或密码错误
'09/11/2019 08:51:41 PM' - DEBUG - 用例执行时间      :2019-09-11 20:51:41
'09/11/2019 08:51:41 PM' - DEBUG - ------------------------------------- 请求信息 -------------------------------------
'09/11/2019 08:51:41 PM' - DEBUG - 用例请求方法      :post
'09/11/2019 08:51:41 PM' - DEBUG - 接口地址         :https://as-web.fangdd.com/ioux/loginByPassword
'09/11/2019 08:51:41 PM' - DEBUG - 请求参数         :
'09/11/2019 08:51:41 PM' - DEBUG - 是否跳过         :是
'09/11/2019 08:51:41 PM' - DEBUG - ##############################...end Login case 4...##############################
'09/11/2019 08:51:41 PM' - DEBUG - #############################...start Login case 5...#############################
'09/11/2019 08:51:41 PM' - DEBUG - 用例名称         :ByPassword
'09/11/2019 08:51:41 PM' - DEBUG - 用例描述         :用户名或密码错误
'09/11/2019 08:51:41 PM' - DEBUG - 用例执行时间      :2019-09-11 20:51:41
'09/11/2019 08:51:41 PM' - DEBUG - ------------------------------------- 请求信息 -------------------------------------
'09/11/2019 08:51:41 PM' - DEBUG - 用例请求方法      :post
'09/11/2019 08:51:41 PM' - DEBUG - 接口地址         :https://as-web.fangdd.com/ioux/loginByPassword
'09/11/2019 08:51:41 PM' - DEBUG - 请求参数         :
'09/11/2019 08:51:41 PM' - DEBUG - 是否跳过         :否
'09/11/2019 08:51:41 PM' - DEBUG - 请求体           :{'username': '13217176556', 'password': 'Wawa520.'}
'09/11/2019 08:51:42 PM' - DEBUG - 响应结果         :{'error': True, 'code': '40352', 'msg': 'User not exists or password incorrect'}
'09/11/2019 08:51:42 PM' - DEBUG - 预期结果         :{'code': '40353', 'msg': 'User not exists or password incorrect'}
'09/11/2019 08:51:42 PM' - ERROR - 测试结果         :测试失败！
'09/11/2019 08:51:42 PM' - DEBUG - ##############################...end Login case 5...##############################
'09/11/2019 09:00:58 PM' - INFO - ========================================== 测试数据初始化 start! ==========================================
'09/11/2019 09:00:58 PM' - INFO - 获取项目根目录正常 :/Users/wawa/Desktop/code/api_automate_test
'09/11/2019 09:00:58 PM' - INFO - 获取项目根正常          :/Users/wawa/Desktop/code/api_automate_test/data/FDD接口测试用例.xlsx
'09/11/2019 09:00:58 PM' - INFO - 读取xlsx表格数据正常:<xlrd.book.Book object at 0x10d7f8748>
'09/11/2019 09:00:58 PM' - INFO - 获取页签名称列表正常 :['ddsf', 'ddxf']
'09/11/2019 09:00:58 PM' - INFO - 获取名称页签对象正常 :{'ddsf': <xlrd.sheet.Sheet object at 0x10d81f588>, 'ddxf': <xlrd.sheet.Sheet object at 0x10d81f5c0>}
'09/11/2019 09:00:58 PM' - INFO - 传入项目参数有效 :ddsf
'09/11/2019 09:00:58 PM' - INFO - 未传入json参数，默认地址为 :/Users/wawa/Desktop/code/api_automate_test/data/config.json
'09/11/2019 09:00:58 PM' - INFO - =========================================== 测试数据初始化 end! ===========================================
'09/11/2019 09:00:58 PM' - DEBUG - #############################...start Login case 1...#############################
'09/11/2019 09:00:58 PM' - DEBUG - 用例名称         :ByPassword
'09/11/2019 09:00:58 PM' - DEBUG - 用例描述         :用户名密码正确登录
'09/11/2019 09:00:58 PM' - DEBUG - 用例执行时间      :2019-09-11 21:00:58
'09/11/2019 09:00:58 PM' - DEBUG - ------------------------------------- 请求信息 -------------------------------------
'09/11/2019 09:00:58 PM' - DEBUG - 用例请求方法      :post
'09/11/2019 09:00:58 PM' - DEBUG - 接口地址         :https://as-web.fangdd.com/ioux/loginByPassword
'09/11/2019 09:00:58 PM' - DEBUG - 请求参数         :
'09/11/2019 09:00:58 PM' - DEBUG - 是否跳过         :否
'09/11/2019 09:00:58 PM' - DEBUG - 数据依赖类型      :relateOut
'09/11/2019 09:00:58 PM' - DEBUG - header          :{'content-type': 'application/json'}
'09/11/2019 09:00:58 PM' - DEBUG - 请求体           :{'username': '18682236985', 'password': 'Wawa520.'}
'09/11/2019 09:00:58 PM' - DEBUG - 响应结果         :{'code': 200, 'data': {'userId': 6520137, 'userName': '陈文建', 'realName': '陈文建', 'mobile': '18682236985', 'email': 'chenwenjian@fangdd.com', 'avatar': None, 'roleId': 1, 'roleName': '新房商服', 'orgId': 3, 'orgName': '测试自营分公司', 'serviceAgentCount': 0, 'cities': [{'cityName': '白山', 'cityId': 10204}, {'cityName': '东莞', 'cityId': 1406}, {'cityName': '苏州', 'cityId': 3}, {'cityName': '北京', 'cityId': 2179}, {'cityName': '成都', 'cityId': 450}, {'cityName': '武汉', 'cityId': 619}, {'cityName': '广州', 'cityId': 852}, {'cityName': '福州', 'cityId': 8358}], 'isLogin': True, 'isAs': False, 'isPlatformAs': False, 'dep': {'depName': '测试自营分公司', 'level': 1, 'parentDepId': None, 'orgId': None, 'depId': 37, 'positionType': 1}, 'staffManagerLevel': 1, 'orgs': None}}
'09/11/2019 09:00:58 PM' - DEBUG - 预期结果         :{'code': 200}
'09/11/2019 09:00:58 PM' - INFO - 依赖数据缓存成功    :userId-->ID, 数据值为:6520137
'09/11/2019 09:00:58 PM' - INFO - 测试结果         :测试通过！
'09/11/2019 09:00:58 PM' - DEBUG - ##############################...end Login case 1...##############################
'09/11/2019 09:00:58 PM' - DEBUG - #############################...start Login case 2...#############################
'09/11/2019 09:00:58 PM' - DEBUG - 用例名称         :ByPassword
'09/11/2019 09:00:58 PM' - DEBUG - 用例描述         :用户名或密码为空
'09/11/2019 09:00:58 PM' - DEBUG - 用例执行时间      :2019-09-11 21:00:58
'09/11/2019 09:00:58 PM' - DEBUG - ------------------------------------- 请求信息 -------------------------------------
'09/11/2019 09:00:58 PM' - DEBUG - 用例请求方法      :post
'09/11/2019 09:00:58 PM' - DEBUG - 接口地址         :https://as-web.fangdd.com/ioux/loginByPassword
'09/11/2019 09:00:58 PM' - DEBUG - 请求参数         :
'09/11/2019 09:00:58 PM' - DEBUG - 是否跳过         :否
'09/11/2019 09:00:58 PM' - DEBUG - 请求体           :{'username': '', 'password': 'Wawa521.'}
'09/11/2019 09:00:58 PM' - DEBUG - 响应结果         :{'error': True, 'code': -1, 'msg': '用户名或密码为空'}
'09/11/2019 09:00:58 PM' - DEBUG - 预期结果         :{'code': -1, 'msg': '用户名或密码为空'}
'09/11/2019 09:00:58 PM' - INFO - 测试结果         :测试通过！
'09/11/2019 09:00:58 PM' - DEBUG - ##############################...end Login case 2...##############################
'09/11/2019 09:00:58 PM' - DEBUG - #############################...start Login case 3...#############################
'09/11/2019 09:00:58 PM' - DEBUG - 用例名称         :ByPassword
'09/11/2019 09:00:58 PM' - DEBUG - 用例描述         :用户名或密码为空
'09/11/2019 09:00:58 PM' - DEBUG - 用例执行时间      :2019-09-11 21:00:58
'09/11/2019 09:00:58 PM' - DEBUG - ------------------------------------- 请求信息 -------------------------------------
'09/11/2019 09:00:58 PM' - DEBUG - 用例请求方法      :post
'09/11/2019 09:00:58 PM' - DEBUG - 接口地址         :https://as-web.fangdd.com/ioux/loginByPassword
'09/11/2019 09:00:58 PM' - DEBUG - 请求参数         :
'09/11/2019 09:00:58 PM' - DEBUG - 是否跳过         :否
'09/11/2019 09:00:58 PM' - DEBUG - 请求体           :{'username': '18682236985', 'password': ''}
'09/11/2019 09:00:58 PM' - DEBUG - 响应结果         :{'error': True, 'code': -1, 'msg': '用户名或密码为空'}
'09/11/2019 09:00:58 PM' - DEBUG - 预期结果         :{'code': -1, 'msg': '用户名或密码为空'}
'09/11/2019 09:00:58 PM' - INFO - 测试结果         :测试通过！
'09/11/2019 09:00:58 PM' - DEBUG - ##############################...end Login case 3...##############################
'09/11/2019 09:00:58 PM' - DEBUG - #############################...start Login case 4...#############################
'09/11/2019 09:00:58 PM' - DEBUG - 用例名称         :ByPassword
'09/11/2019 09:00:58 PM' - DEBUG - 用例描述         :用户名或密码错误
'09/11/2019 09:00:58 PM' - DEBUG - 用例执行时间      :2019-09-11 21:00:58
'09/11/2019 09:00:58 PM' - DEBUG - ------------------------------------- 请求信息 -------------------------------------
'09/11/2019 09:00:58 PM' - DEBUG - 用例请求方法      :post
'09/11/2019 09:00:58 PM' - DEBUG - 接口地址         :https://as-web.fangdd.com/ioux/loginByPassword
'09/11/2019 09:00:58 PM' - DEBUG - 请求参数         :
'09/11/2019 09:00:58 PM' - DEBUG - 是否跳过         :是
'09/11/2019 09:00:58 PM' - DEBUG - ##############################...end Login case 4...##############################
'09/11/2019 09:00:58 PM' - DEBUG - #############################...start Login case 5...#############################
'09/11/2019 09:00:58 PM' - DEBUG - 用例名称         :ByPassword
'09/11/2019 09:00:58 PM' - DEBUG - 用例描述         :用户名或密码错误
'09/11/2019 09:00:58 PM' - DEBUG - 用例执行时间      :2019-09-11 21:00:58
'09/11/2019 09:00:58 PM' - DEBUG - ------------------------------------- 请求信息 -------------------------------------
'09/11/2019 09:00:58 PM' - DEBUG - 用例请求方法      :post
'09/11/2019 09:00:58 PM' - DEBUG - 接口地址         :https://as-web.fangdd.com/ioux/loginByPassword
'09/11/2019 09:00:58 PM' - DEBUG - 请求参数         :
'09/11/2019 09:00:58 PM' - DEBUG - 是否跳过         :否
'09/11/2019 09:00:58 PM' - DEBUG - 请求体           :{'username': '13217176556', 'password': 'Wawa520.'}
'09/11/2019 09:00:59 PM' - DEBUG - 响应结果         :{'error': True, 'code': '40352', 'msg': 'User not exists or password incorrect'}
'09/11/2019 09:00:59 PM' - DEBUG - 预期结果         :{'code': '40353', 'msg': 'User not exists or password incorrect'}
'09/11/2019 09:00:59 PM' - ERROR - 测试结果         :测试失败！
'09/11/2019 09:00:59 PM' - DEBUG - ##############################...end Login case 5...##############################
'09/11/2019 09:02:55 PM' - INFO - ========================================== 测试数据初始化 start! ==========================================
'09/11/2019 09:02:55 PM' - INFO - 获取项目根目录正常 :/Users/wawa/Desktop/code/api_automate_test
'09/11/2019 09:02:55 PM' - INFO - 获取项目根正常          :/Users/wawa/Desktop/code/api_automate_test/data/FDD接口测试用例.xlsx
'09/11/2019 09:02:55 PM' - INFO - 读取xlsx表格数据正常:<xlrd.book.Book object at 0x10d7f8710>
'09/11/2019 09:02:55 PM' - INFO - 获取页签名称列表正常 :['ddsf', 'ddxf']
'09/11/2019 09:02:55 PM' - INFO - 获取名称页签对象正常 :{'ddsf': <xlrd.sheet.Sheet object at 0x10d81f588>, 'ddxf': <xlrd.sheet.Sheet object at 0x10d81f5c0>}
'09/11/2019 09:02:55 PM' - INFO - 传入项目参数有效 :ddsf
'09/11/2019 09:02:55 PM' - INFO - 未传入json参数，默认地址为 :/Users/wawa/Desktop/code/api_automate_test/data/config.json
'09/11/2019 09:02:55 PM' - INFO - =========================================== 测试数据初始化 end! ===========================================
'09/11/2019 09:02:55 PM' - DEBUG - #############################...start Login case 1...#############################
'09/11/2019 09:02:55 PM' - DEBUG - 用例名称         :ByPassword
'09/11/2019 09:02:55 PM' - DEBUG - 用例描述         :用户名密码正确登录
'09/11/2019 09:02:55 PM' - DEBUG - 用例执行时间      :2019-09-11 21:02:55
'09/11/2019 09:02:55 PM' - DEBUG - ------------------------------------- 请求信息 -------------------------------------
'09/11/2019 09:02:55 PM' - DEBUG - 用例请求方法      :post
'09/11/2019 09:02:55 PM' - DEBUG - 接口地址         :https://as-web.fangdd.com/ioux/loginByPassword
'09/11/2019 09:02:55 PM' - DEBUG - 请求参数         :
'09/11/2019 09:02:55 PM' - DEBUG - 是否跳过         :否
'09/11/2019 09:02:55 PM' - DEBUG - 数据依赖类型      :relateOut
'09/11/2019 09:02:55 PM' - DEBUG - header          :{'content-type': 'application/json'}
'09/11/2019 09:02:55 PM' - DEBUG - 请求体           :{'username': '18682236985', 'password': 'Wawa520.'}
'09/11/2019 09:02:56 PM' - DEBUG - 响应结果         :{'code': 200, 'data': {'userId': 6520137, 'userName': '陈文建', 'realName': '陈文建', 'mobile': '18682236985', 'email': 'chenwenjian@fangdd.com', 'avatar': None, 'roleId': 1, 'roleName': '新房商服', 'orgId': 3, 'orgName': '测试自营分公司', 'serviceAgentCount': 0, 'cities': [{'cityName': '白山', 'cityId': 10204}, {'cityName': '东莞', 'cityId': 1406}, {'cityName': '苏州', 'cityId': 3}, {'cityName': '北京', 'cityId': 2179}, {'cityName': '成都', 'cityId': 450}, {'cityName': '武汉', 'cityId': 619}, {'cityName': '广州', 'cityId': 852}, {'cityName': '福州', 'cityId': 8358}], 'isLogin': True, 'isAs': False, 'isPlatformAs': False, 'dep': {'depName': '测试自营分公司', 'level': 1, 'parentDepId': None, 'orgId': None, 'depId': 37, 'positionType': 1}, 'staffManagerLevel': 1, 'orgs': None}}
'09/11/2019 09:02:56 PM' - DEBUG - 预期结果         :{'code': 200}
'09/11/2019 09:02:56 PM' - INFO - 依赖数据缓存成功    :userId-->ID, 数据值为:6520137
'09/11/2019 09:02:56 PM' - INFO - 测试结果         :测试通过！
'09/11/2019 09:02:56 PM' - DEBUG - ##############################...end Login case 1...##############################
'09/11/2019 09:02:56 PM' - DEBUG - #############################...start Login case 2...#############################
'09/11/2019 09:02:56 PM' - DEBUG - 用例名称         :ByPassword
'09/11/2019 09:02:56 PM' - DEBUG - 用例描述         :用户名或密码为空
'09/11/2019 09:02:56 PM' - DEBUG - 用例执行时间      :2019-09-11 21:02:56
'09/11/2019 09:02:56 PM' - DEBUG - ------------------------------------- 请求信息 -------------------------------------
'09/11/2019 09:02:56 PM' - DEBUG - 用例请求方法      :post
'09/11/2019 09:02:56 PM' - DEBUG - 接口地址         :https://as-web.fangdd.com/ioux/loginByPassword
'09/11/2019 09:02:56 PM' - DEBUG - 请求参数         :
'09/11/2019 09:02:56 PM' - DEBUG - 是否跳过         :否
'09/11/2019 09:02:56 PM' - DEBUG - 请求体           :{'username': '', 'password': 'Wawa521.'}
'09/11/2019 09:02:56 PM' - DEBUG - 响应结果         :{'error': True, 'code': -1, 'msg': '用户名或密码为空'}
'09/11/2019 09:02:56 PM' - DEBUG - 预期结果         :{'code': -1, 'msg': '用户名或密码为空'}
'09/11/2019 09:02:56 PM' - INFO - 测试结果         :测试通过！
'09/11/2019 09:02:56 PM' - DEBUG - ##############################...end Login case 2...##############################
'09/11/2019 09:02:56 PM' - DEBUG - #############################...start Login case 3...#############################
'09/11/2019 09:02:56 PM' - DEBUG - 用例名称         :ByPassword
'09/11/2019 09:02:56 PM' - DEBUG - 用例描述         :用户名或密码为空
'09/11/2019 09:02:56 PM' - DEBUG - 用例执行时间      :2019-09-11 21:02:56
'09/11/2019 09:02:56 PM' - DEBUG - ------------------------------------- 请求信息 -------------------------------------
'09/11/2019 09:02:56 PM' - DEBUG - 用例请求方法      :post
'09/11/2019 09:02:56 PM' - DEBUG - 接口地址         :https://as-web.fangdd.com/ioux/loginByPassword
'09/11/2019 09:02:56 PM' - DEBUG - 请求参数         :
'09/11/2019 09:02:56 PM' - DEBUG - 是否跳过         :否
'09/11/2019 09:02:56 PM' - DEBUG - 请求体           :{'username': '18682236985', 'password': ''}
'09/11/2019 09:02:56 PM' - DEBUG - 响应结果         :{'error': True, 'code': -1, 'msg': '用户名或密码为空'}
'09/11/2019 09:02:56 PM' - DEBUG - 预期结果         :{'code': -1, 'msg': '用户名或密码为空'}
'09/11/2019 09:02:56 PM' - INFO - 测试结果         :测试通过！
'09/11/2019 09:02:56 PM' - DEBUG - ##############################...end Login case 3...##############################
'09/11/2019 09:02:56 PM' - DEBUG - #############################...start Login case 4...#############################
'09/11/2019 09:02:56 PM' - DEBUG - 用例名称         :ByPassword
'09/11/2019 09:02:56 PM' - DEBUG - 用例描述         :用户名或密码错误
'09/11/2019 09:02:56 PM' - DEBUG - 用例执行时间      :2019-09-11 21:02:56
'09/11/2019 09:02:56 PM' - DEBUG - ------------------------------------- 请求信息 -------------------------------------
'09/11/2019 09:02:56 PM' - DEBUG - 用例请求方法      :post
'09/11/2019 09:02:56 PM' - DEBUG - 接口地址         :https://as-web.fangdd.com/ioux/loginByPassword
'09/11/2019 09:02:56 PM' - DEBUG - 请求参数         :
'09/11/2019 09:02:56 PM' - DEBUG - 是否跳过         :是
'09/11/2019 09:02:56 PM' - DEBUG - ##############################...end Login case 4...##############################
'09/11/2019 09:02:56 PM' - DEBUG - #############################...start Login case 5...#############################
'09/11/2019 09:02:56 PM' - DEBUG - 用例名称         :ByPassword
'09/11/2019 09:02:56 PM' - DEBUG - 用例描述         :用户名或密码错误
'09/11/2019 09:02:56 PM' - DEBUG - 用例执行时间      :2019-09-11 21:02:56
'09/11/2019 09:02:56 PM' - DEBUG - ------------------------------------- 请求信息 -------------------------------------
'09/11/2019 09:02:56 PM' - DEBUG - 用例请求方法      :post
'09/11/2019 09:02:56 PM' - DEBUG - 接口地址         :https://as-web.fangdd.com/ioux/loginByPassword
'09/11/2019 09:02:56 PM' - DEBUG - 请求参数         :
'09/11/2019 09:02:56 PM' - DEBUG - 是否跳过         :否
'09/11/2019 09:02:56 PM' - DEBUG - 请求体           :{'username': '13217176556', 'password': 'Wawa520.'}
'09/11/2019 09:02:56 PM' - DEBUG - 响应结果         :{'error': True, 'code': '40352', 'msg': 'User not exists or password incorrect'}
'09/11/2019 09:02:56 PM' - DEBUG - 预期结果         :{'code': '40353', 'msg': 'User not exists or password incorrect'}
'09/11/2019 09:02:56 PM' - ERROR - 测试结果         :测试失败！
'09/11/2019 09:02:57 PM' - DEBUG - ##############################...end Login case 5...##############################
'09/11/2019 09:07:13 PM' - INFO - ========================================== 测试数据初始化 start! ==========================================
'09/11/2019 09:07:13 PM' - INFO - 获取项目根目录正常 :/Users/wawa/Desktop/code/api_automate_test
'09/11/2019 09:07:13 PM' - INFO - 获取项目根正常          :/Users/wawa/Desktop/code/api_automate_test/data/FDD接口测试用例.xlsx
'09/11/2019 09:07:13 PM' - INFO - 读取xlsx表格数据正常:<xlrd.book.Book object at 0x10d7f6780>
'09/11/2019 09:07:13 PM' - INFO - 获取页签名称列表正常 :['ddsf', 'ddxf']
'09/11/2019 09:07:13 PM' - INFO - 获取名称页签对象正常 :{'ddsf': <xlrd.sheet.Sheet object at 0x10d81f5f8>, 'ddxf': <xlrd.sheet.Sheet object at 0x10d81f630>}
'09/11/2019 09:07:13 PM' - INFO - 传入项目参数有效 :ddsf
'09/11/2019 09:07:13 PM' - INFO - 未传入json参数，默认地址为 :/Users/wawa/Desktop/code/api_automate_test/data/config.json
'09/11/2019 09:07:13 PM' - INFO - =========================================== 测试数据初始化 end! ===========================================
'09/11/2019 09:07:13 PM' - DEBUG - #############################...start Login case 1...#############################
'09/11/2019 09:07:13 PM' - DEBUG - 用例名称         :ByPassword
'09/11/2019 09:07:13 PM' - DEBUG - 用例描述         :用户名密码正确登录
'09/11/2019 09:07:13 PM' - DEBUG - 用例执行时间      :2019-09-11 21:07:13
'09/11/2019 09:07:13 PM' - DEBUG - ------------------------------------- 请求信息 -------------------------------------
'09/11/2019 09:07:13 PM' - DEBUG - 用例请求方法      :post
'09/11/2019 09:07:13 PM' - DEBUG - 接口地址         :https://as-web.fangdd.com/ioux/loginByPassword
'09/11/2019 09:07:13 PM' - DEBUG - 请求参数         :
'09/11/2019 09:07:13 PM' - DEBUG - 是否跳过         :否
'09/11/2019 09:07:13 PM' - DEBUG - 数据依赖类型      :relateOut
'09/11/2019 09:07:13 PM' - DEBUG - header          :{'content-type': 'application/json'}
'09/11/2019 09:07:13 PM' - DEBUG - 请求体           :{'username': '18682236985', 'password': 'Wawa520.'}
'09/11/2019 09:07:13 PM' - DEBUG - 响应结果         :{'code': 200, 'data': {'userId': 6520137, 'userName': '陈文建', 'realName': '陈文建', 'mobile': '18682236985', 'email': 'chenwenjian@fangdd.com', 'avatar': None, 'roleId': 1, 'roleName': '新房商服', 'orgId': 3, 'orgName': '测试自营分公司', 'serviceAgentCount': 0, 'cities': [{'cityName': '白山', 'cityId': 10204}, {'cityName': '东莞', 'cityId': 1406}, {'cityName': '苏州', 'cityId': 3}, {'cityName': '北京', 'cityId': 2179}, {'cityName': '成都', 'cityId': 450}, {'cityName': '武汉', 'cityId': 619}, {'cityName': '广州', 'cityId': 852}, {'cityName': '福州', 'cityId': 8358}], 'isLogin': True, 'isAs': False, 'isPlatformAs': False, 'dep': {'depName': '测试自营分公司', 'level': 1, 'parentDepId': None, 'orgId': None, 'depId': 37, 'positionType': 1}, 'staffManagerLevel': 1, 'orgs': None}}
'09/11/2019 09:07:13 PM' - DEBUG - 预期结果         :{'code': 200}
'09/11/2019 09:07:13 PM' - INFO - 依赖数据缓存成功    :userId-->ID, 数据值为:6520137
'09/11/2019 09:07:13 PM' - INFO - 测试结果         :测试通过！
'09/11/2019 09:07:13 PM' - DEBUG - ##############################...end Login case 1...##############################
'09/11/2019 09:07:13 PM' - DEBUG - #############################...start Login case 2...#############################
'09/11/2019 09:07:13 PM' - DEBUG - 用例名称         :ByPassword
'09/11/2019 09:07:13 PM' - DEBUG - 用例描述         :用户名或密码为空
'09/11/2019 09:07:13 PM' - DEBUG - 用例执行时间      :2019-09-11 21:07:13
'09/11/2019 09:07:13 PM' - DEBUG - ------------------------------------- 请求信息 -------------------------------------
'09/11/2019 09:07:13 PM' - DEBUG - 用例请求方法      :post
'09/11/2019 09:07:13 PM' - DEBUG - 接口地址         :https://as-web.fangdd.com/ioux/loginByPassword
'09/11/2019 09:07:13 PM' - DEBUG - 请求参数         :
'09/11/2019 09:07:13 PM' - DEBUG - 是否跳过         :否
'09/11/2019 09:07:13 PM' - DEBUG - 请求体           :{'username': '', 'password': 'Wawa521.'}
'09/11/2019 09:07:13 PM' - DEBUG - 响应结果         :{'error': True, 'code': -1, 'msg': '用户名或密码为空'}
'09/11/2019 09:07:13 PM' - DEBUG - 预期结果         :{'code': -1, 'msg': '用户名或密码为空'}
'09/11/2019 09:07:13 PM' - INFO - 测试结果         :测试通过！
'09/11/2019 09:07:13 PM' - DEBUG - ##############################...end Login case 2...##############################
'09/11/2019 09:07:13 PM' - DEBUG - #############################...start Login case 3...#############################
'09/11/2019 09:07:13 PM' - DEBUG - 用例名称         :ByPassword
'09/11/2019 09:07:13 PM' - DEBUG - 用例描述         :用户名或密码为空
'09/11/2019 09:07:13 PM' - DEBUG - 用例执行时间      :2019-09-11 21:07:13
'09/11/2019 09:07:13 PM' - DEBUG - ------------------------------------- 请求信息 -------------------------------------
'09/11/2019 09:07:13 PM' - DEBUG - 用例请求方法      :post
'09/11/2019 09:07:13 PM' - DEBUG - 接口地址         :https://as-web.fangdd.com/ioux/loginByPassword
'09/11/2019 09:07:13 PM' - DEBUG - 请求参数         :
'09/11/2019 09:07:13 PM' - DEBUG - 是否跳过         :否
'09/11/2019 09:07:13 PM' - DEBUG - 请求体           :{'username': '18682236985', 'password': ''}
'09/11/2019 09:07:13 PM' - DEBUG - 响应结果         :{'error': True, 'code': -1, 'msg': '用户名或密码为空'}
'09/11/2019 09:07:13 PM' - DEBUG - 预期结果         :{'code': -1, 'msg': '用户名或密码为空'}
'09/11/2019 09:07:13 PM' - INFO - 测试结果         :测试通过！
'09/11/2019 09:07:13 PM' - DEBUG - ##############################...end Login case 3...##############################
'09/11/2019 09:07:13 PM' - DEBUG - #############################...start Login case 4...#############################
'09/11/2019 09:07:13 PM' - DEBUG - 用例名称         :ByPassword
'09/11/2019 09:07:13 PM' - DEBUG - 用例描述         :用户名或密码错误
'09/11/2019 09:07:13 PM' - DEBUG - 用例执行时间      :2019-09-11 21:07:13
'09/11/2019 09:07:13 PM' - DEBUG - ------------------------------------- 请求信息 -------------------------------------
'09/11/2019 09:07:13 PM' - DEBUG - 用例请求方法      :post
'09/11/2019 09:07:13 PM' - DEBUG - 接口地址         :https://as-web.fangdd.com/ioux/loginByPassword
'09/11/2019 09:07:13 PM' - DEBUG - 请求参数         :
'09/11/2019 09:07:13 PM' - DEBUG - 是否跳过         :是
'09/11/2019 09:07:13 PM' - DEBUG - ##############################...end Login case 4...##############################
'09/11/2019 09:07:13 PM' - DEBUG - #############################...start Login case 5...#############################
'09/11/2019 09:07:13 PM' - DEBUG - 用例名称         :ByPassword
'09/11/2019 09:07:13 PM' - DEBUG - 用例描述         :用户名或密码错误
'09/11/2019 09:07:13 PM' - DEBUG - 用例执行时间      :2019-09-11 21:07:13
'09/11/2019 09:07:13 PM' - DEBUG - ------------------------------------- 请求信息 -------------------------------------
'09/11/2019 09:07:13 PM' - DEBUG - 用例请求方法      :post
'09/11/2019 09:07:13 PM' - DEBUG - 接口地址         :https://as-web.fangdd.com/ioux/loginByPassword
'09/11/2019 09:07:13 PM' - DEBUG - 请求参数         :
'09/11/2019 09:07:13 PM' - DEBUG - 是否跳过         :否
'09/11/2019 09:07:13 PM' - DEBUG - 请求体           :{'username': '13217176556', 'password': 'Wawa520.'}
'09/11/2019 09:07:14 PM' - DEBUG - 响应结果         :{'error': True, 'code': '40352', 'msg': 'User not exists or password incorrect'}
'09/11/2019 09:07:14 PM' - DEBUG - 预期结果         :{'code': '40353', 'msg': 'User not exists or password incorrect'}
'09/11/2019 09:07:14 PM' - ERROR - 测试结果         :测试失败！
'09/11/2019 09:07:14 PM' - DEBUG - ##############################...end Login case 5...##############################
'09/11/2019 09:08:18 PM' - INFO - ========================================== 测试数据初始化 start! ==========================================
'09/11/2019 09:08:18 PM' - INFO - 获取项目根目录正常 :/Users/wawa/Desktop/code/api_automate_test
'09/11/2019 09:08:18 PM' - INFO - 获取项目根正常          :/Users/wawa/Desktop/code/api_automate_test/data/FDD接口测试用例.xlsx
'09/11/2019 09:08:18 PM' - INFO - 读取xlsx表格数据正常:<xlrd.book.Book object at 0x10d7f47b8>
'09/11/2019 09:08:18 PM' - INFO - 获取页签名称列表正常 :['ddsf', 'ddxf']
'09/11/2019 09:08:18 PM' - INFO - 获取名称页签对象正常 :{'ddsf': <xlrd.sheet.Sheet object at 0x10d81f630>, 'ddxf': <xlrd.sheet.Sheet object at 0x10d81f668>}
'09/11/2019 09:08:18 PM' - INFO - 传入项目参数有效 :ddsf
'09/11/2019 09:08:18 PM' - INFO - 未传入json参数，默认地址为 :/Users/wawa/Desktop/code/api_automate_test/data/config.json
'09/11/2019 09:08:18 PM' - INFO - =========================================== 测试数据初始化 end! ===========================================
'09/11/2019 09:08:18 PM' - DEBUG - #############################...start Login case 1...#############################
'09/11/2019 09:08:18 PM' - DEBUG - 用例名称         :ByPassword
'09/11/2019 09:08:18 PM' - DEBUG - 用例描述         :用户名密码正确登录
'09/11/2019 09:08:18 PM' - DEBUG - 用例执行时间      :2019-09-11 21:08:18
'09/11/2019 09:08:18 PM' - DEBUG - ------------------------------------- 请求信息 -------------------------------------
'09/11/2019 09:08:18 PM' - DEBUG - 用例请求方法      :post
'09/11/2019 09:08:18 PM' - DEBUG - 接口地址         :https://as-web.fangdd.com/ioux/loginByPassword
'09/11/2019 09:08:18 PM' - DEBUG - 请求参数         :
'09/11/2019 09:08:18 PM' - DEBUG - 是否跳过         :否
'09/11/2019 09:08:18 PM' - DEBUG - 数据依赖类型      :relateOut
'09/11/2019 09:08:18 PM' - DEBUG - header          :{'content-type': 'application/json'}
'09/11/2019 09:08:18 PM' - DEBUG - 请求体           :{'username': '18682236985', 'password': 'Wawa520.'}
'09/11/2019 09:08:19 PM' - DEBUG - 响应结果         :{'code': 200, 'data': {'userId': 6520137, 'userName': '陈文建', 'realName': '陈文建', 'mobile': '18682236985', 'email': 'chenwenjian@fangdd.com', 'avatar': None, 'roleId': 1, 'roleName': '新房商服', 'orgId': 3, 'orgName': '测试自营分公司', 'serviceAgentCount': 0, 'cities': [{'cityName': '白山', 'cityId': 10204}, {'cityName': '东莞', 'cityId': 1406}, {'cityName': '苏州', 'cityId': 3}, {'cityName': '北京', 'cityId': 2179}, {'cityName': '成都', 'cityId': 450}, {'cityName': '武汉', 'cityId': 619}, {'cityName': '广州', 'cityId': 852}, {'cityName': '福州', 'cityId': 8358}], 'isLogin': True, 'isAs': False, 'isPlatformAs': False, 'dep': {'depName': '测试自营分公司', 'level': 1, 'parentDepId': None, 'orgId': None, 'depId': 37, 'positionType': 1}, 'staffManagerLevel': 1, 'orgs': None}}
'09/11/2019 09:08:19 PM' - DEBUG - 预期结果         :{'code': 200}
'09/11/2019 09:08:19 PM' - INFO - 依赖数据缓存成功    :userId-->ID, 数据值为:6520137
'09/11/2019 09:08:19 PM' - INFO - 测试结果         :测试通过！
'09/11/2019 09:08:19 PM' - DEBUG - ##############################...end Login case 1...##############################
'09/11/2019 09:08:19 PM' - DEBUG - #############################...start Login case 2...#############################
'09/11/2019 09:08:19 PM' - DEBUG - 用例名称         :ByPassword
'09/11/2019 09:08:19 PM' - DEBUG - 用例描述         :用户名或密码为空
'09/11/2019 09:08:19 PM' - DEBUG - 用例执行时间      :2019-09-11 21:08:19
'09/11/2019 09:08:19 PM' - DEBUG - ------------------------------------- 请求信息 -------------------------------------
'09/11/2019 09:08:19 PM' - DEBUG - 用例请求方法      :post
'09/11/2019 09:08:19 PM' - DEBUG - 接口地址         :https://as-web.fangdd.com/ioux/loginByPassword
'09/11/2019 09:08:19 PM' - DEBUG - 请求参数         :
'09/11/2019 09:08:19 PM' - DEBUG - 是否跳过         :否
'09/11/2019 09:08:19 PM' - DEBUG - 请求体           :{'username': '', 'password': 'Wawa521.'}
'09/11/2019 09:08:19 PM' - DEBUG - 响应结果         :{'error': True, 'code': -1, 'msg': '用户名或密码为空'}
'09/11/2019 09:08:19 PM' - DEBUG - 预期结果         :{'code': -1, 'msg': '用户名或密码为空'}
'09/11/2019 09:08:19 PM' - INFO - 测试结果         :测试通过！
'09/11/2019 09:08:19 PM' - DEBUG - ##############################...end Login case 2...##############################
'09/11/2019 09:08:19 PM' - DEBUG - #############################...start Login case 3...#############################
'09/11/2019 09:08:19 PM' - DEBUG - 用例名称         :ByPassword
'09/11/2019 09:08:19 PM' - DEBUG - 用例描述         :用户名或密码为空
'09/11/2019 09:08:19 PM' - DEBUG - 用例执行时间      :2019-09-11 21:08:19
'09/11/2019 09:08:19 PM' - DEBUG - ------------------------------------- 请求信息 -------------------------------------
'09/11/2019 09:08:19 PM' - DEBUG - 用例请求方法      :post
'09/11/2019 09:08:19 PM' - DEBUG - 接口地址         :https://as-web.fangdd.com/ioux/loginByPassword
'09/11/2019 09:08:19 PM' - DEBUG - 请求参数         :
'09/11/2019 09:08:19 PM' - DEBUG - 是否跳过         :否
'09/11/2019 09:08:19 PM' - DEBUG - 请求体           :{'username': '18682236985', 'password': ''}
'09/11/2019 09:08:19 PM' - DEBUG - 响应结果         :{'error': True, 'code': -1, 'msg': '用户名或密码为空'}
'09/11/2019 09:08:19 PM' - DEBUG - 预期结果         :{'code': -1, 'msg': '用户名或密码为空'}
'09/11/2019 09:08:19 PM' - INFO - 测试结果         :测试通过！
'09/11/2019 09:08:19 PM' - DEBUG - ##############################...end Login case 3...##############################
'09/11/2019 09:08:19 PM' - DEBUG - #############################...start Login case 4...#############################
'09/11/2019 09:08:19 PM' - DEBUG - 用例名称         :ByPassword
'09/11/2019 09:08:19 PM' - DEBUG - 用例描述         :用户名或密码错误
'09/11/2019 09:08:19 PM' - DEBUG - 用例执行时间      :2019-09-11 21:08:19
'09/11/2019 09:08:19 PM' - DEBUG - ------------------------------------- 请求信息 -------------------------------------
'09/11/2019 09:08:19 PM' - DEBUG - 用例请求方法      :post
'09/11/2019 09:08:19 PM' - DEBUG - 接口地址         :https://as-web.fangdd.com/ioux/loginByPassword
'09/11/2019 09:08:19 PM' - DEBUG - 请求参数         :
'09/11/2019 09:08:19 PM' - DEBUG - 是否跳过         :是
'09/11/2019 09:08:19 PM' - DEBUG - ##############################...end Login case 4...##############################
'09/11/2019 09:08:19 PM' - DEBUG - #############################...start Login case 5...#############################
'09/11/2019 09:08:19 PM' - DEBUG - 用例名称         :ByPassword
'09/11/2019 09:08:19 PM' - DEBUG - 用例描述         :用户名或密码错误
'09/11/2019 09:08:19 PM' - DEBUG - 用例执行时间      :2019-09-11 21:08:19
'09/11/2019 09:08:19 PM' - DEBUG - ------------------------------------- 请求信息 -------------------------------------
'09/11/2019 09:08:19 PM' - DEBUG - 用例请求方法      :post
'09/11/2019 09:08:19 PM' - DEBUG - 接口地址         :https://as-web.fangdd.com/ioux/loginByPassword
'09/11/2019 09:08:19 PM' - DEBUG - 请求参数         :
'09/11/2019 09:08:19 PM' - DEBUG - 是否跳过         :否
'09/11/2019 09:08:19 PM' - DEBUG - 请求体           :{'username': '13217176556', 'password': 'Wawa520.'}
'09/11/2019 09:08:19 PM' - DEBUG - 响应结果         :{'error': True, 'code': '40352', 'msg': 'User not exists or password incorrect'}
'09/11/2019 09:08:19 PM' - DEBUG - 预期结果         :{'code': '40353', 'msg': 'User not exists or password incorrect'}
'09/11/2019 09:08:19 PM' - ERROR - 测试结果         :测试失败！
'09/11/2019 09:08:20 PM' - DEBUG - ##############################...end Login case 5...##############################
'09/11/2019 09:10:19 PM' - INFO - ========================================== 测试数据初始化 start! ==========================================
'09/11/2019 09:10:19 PM' - INFO - 获取项目根目录正常 :/Users/wawa/Desktop/code/api_automate_test
'09/11/2019 09:10:19 PM' - INFO - 获取项目根正常          :/Users/wawa/Desktop/code/api_automate_test/data/FDD接口测试用例.xlsx
'09/11/2019 09:10:19 PM' - INFO - 读取xlsx表格数据正常:<xlrd.book.Book object at 0x10d6f2780>
'09/11/2019 09:10:19 PM' - INFO - 获取页签名称列表正常 :['ddsf', 'ddxf']
'09/11/2019 09:10:19 PM' - INFO - 获取名称页签对象正常 :{'ddsf': <xlrd.sheet.Sheet object at 0x10d8205c0>, 'ddxf': <xlrd.sheet.Sheet object at 0x10d8205f8>}
'09/11/2019 09:10:19 PM' - INFO - 传入项目参数有效 :ddsf
'09/11/2019 09:10:19 PM' - INFO - 未传入json参数，默认地址为 :/Users/wawa/Desktop/code/api_automate_test/data/config.json
'09/11/2019 09:10:19 PM' - INFO - =========================================== 测试数据初始化 end! ===========================================
'09/11/2019 09:10:19 PM' - DEBUG - #############################...start Login case 1...#############################
'09/11/2019 09:10:19 PM' - DEBUG - 用例名称         :ByPassword
'09/11/2019 09:10:19 PM' - DEBUG - 用例描述         :用户名密码正确登录
'09/11/2019 09:10:19 PM' - DEBUG - 用例执行时间      :2019-09-11 21:10:19
'09/11/2019 09:10:19 PM' - DEBUG - ------------------------------------- 请求信息 -------------------------------------
'09/11/2019 09:10:19 PM' - DEBUG - 用例请求方法      :post
'09/11/2019 09:10:19 PM' - DEBUG - 接口地址         :https://as-web.fangdd.com/ioux/loginByPassword
'09/11/2019 09:10:19 PM' - DEBUG - 请求参数         :
'09/11/2019 09:10:19 PM' - DEBUG - 是否跳过         :否
'09/11/2019 09:10:19 PM' - DEBUG - 数据依赖类型      :relateOut
'09/11/2019 09:10:19 PM' - DEBUG - header          :{'content-type': 'application/json'}
'09/11/2019 09:10:19 PM' - DEBUG - 请求体           :{'username': '18682236985', 'password': 'Wawa520.'}
'09/11/2019 09:10:19 PM' - DEBUG - 响应结果         :{'code': 200, 'data': {'userId': 6520137, 'userName': '陈文建', 'realName': '陈文建', 'mobile': '18682236985', 'email': 'chenwenjian@fangdd.com', 'avatar': None, 'roleId': 1, 'roleName': '新房商服', 'orgId': 3, 'orgName': None, 'serviceAgentCount': 0, 'cities': [{'cityName': '白山', 'cityId': 10204}, {'cityName': '东莞', 'cityId': 1406}, {'cityName': '苏州', 'cityId': 3}, {'cityName': '北京', 'cityId': 2179}, {'cityName': '成都', 'cityId': 450}, {'cityName': '武汉', 'cityId': 619}, {'cityName': '广州', 'cityId': 852}, {'cityName': '福州', 'cityId': 8358}], 'isLogin': True, 'isAs': False, 'isPlatformAs': False, 'dep': {'depName': None, 'level': 1, 'parentDepId': None, 'orgId': None, 'depId': 37, 'positionType': 1}, 'staffManagerLevel': 1, 'orgs': None}}
'09/11/2019 09:10:19 PM' - DEBUG - 预期结果         :{'code': 200}
'09/11/2019 09:10:19 PM' - INFO - 依赖数据缓存成功    :userId-->ID, 数据值为:6520137
'09/11/2019 09:10:19 PM' - INFO - 测试结果         :测试通过！
'09/11/2019 09:10:20 PM' - DEBUG - ##############################...end Login case 1...##############################
'09/11/2019 09:10:20 PM' - DEBUG - #############################...start Login case 2...#############################
'09/11/2019 09:10:20 PM' - DEBUG - 用例名称         :ByPassword
'09/11/2019 09:10:20 PM' - DEBUG - 用例描述         :用户名或密码为空
'09/11/2019 09:10:20 PM' - DEBUG - 用例执行时间      :2019-09-11 21:10:20
'09/11/2019 09:10:20 PM' - DEBUG - ------------------------------------- 请求信息 -------------------------------------
'09/11/2019 09:10:20 PM' - DEBUG - 用例请求方法      :post
'09/11/2019 09:10:20 PM' - DEBUG - 接口地址         :https://as-web.fangdd.com/ioux/loginByPassword
'09/11/2019 09:10:20 PM' - DEBUG - 请求参数         :
'09/11/2019 09:10:20 PM' - DEBUG - 是否跳过         :否
'09/11/2019 09:10:20 PM' - DEBUG - 请求体           :{'username': '', 'password': 'Wawa521.'}
'09/11/2019 09:10:20 PM' - DEBUG - 响应结果         :{'error': True, 'code': -1, 'msg': '用户名或密码为空'}
'09/11/2019 09:10:20 PM' - DEBUG - 预期结果         :{'code': -1, 'msg': '用户名或密码为空'}
'09/11/2019 09:10:20 PM' - INFO - 测试结果         :测试通过！
'09/11/2019 09:10:20 PM' - DEBUG - ##############################...end Login case 2...##############################
'09/11/2019 09:10:20 PM' - DEBUG - #############################...start Login case 3...#############################
'09/11/2019 09:10:20 PM' - DEBUG - 用例名称         :ByPassword
'09/11/2019 09:10:20 PM' - DEBUG - 用例描述         :用户名或密码为空
'09/11/2019 09:10:20 PM' - DEBUG - 用例执行时间      :2019-09-11 21:10:20
'09/11/2019 09:10:20 PM' - DEBUG - ------------------------------------- 请求信息 -------------------------------------
'09/11/2019 09:10:20 PM' - DEBUG - 用例请求方法      :post
'09/11/2019 09:10:20 PM' - DEBUG - 接口地址         :https://as-web.fangdd.com/ioux/loginByPassword
'09/11/2019 09:10:20 PM' - DEBUG - 请求参数         :
'09/11/2019 09:10:20 PM' - DEBUG - 是否跳过         :否
'09/11/2019 09:10:20 PM' - DEBUG - 请求体           :{'username': '18682236985', 'password': ''}
'09/11/2019 09:10:20 PM' - DEBUG - 响应结果         :{'error': True, 'code': -1, 'msg': '用户名或密码为空'}
'09/11/2019 09:10:20 PM' - DEBUG - 预期结果         :{'code': -1, 'msg': '用户名或密码为空'}
'09/11/2019 09:10:20 PM' - INFO - 测试结果         :测试通过！
'09/11/2019 09:10:20 PM' - DEBUG - ##############################...end Login case 3...##############################
'09/11/2019 09:10:20 PM' - DEBUG - #############################...start Login case 4...#############################
'09/11/2019 09:10:20 PM' - DEBUG - 用例名称         :ByPassword
'09/11/2019 09:10:20 PM' - DEBUG - 用例描述         :用户名或密码错误
'09/11/2019 09:10:20 PM' - DEBUG - 用例执行时间      :2019-09-11 21:10:20
'09/11/2019 09:10:20 PM' - DEBUG - ------------------------------------- 请求信息 -------------------------------------
'09/11/2019 09:10:20 PM' - DEBUG - 用例请求方法      :post
'09/11/2019 09:10:20 PM' - DEBUG - 接口地址         :https://as-web.fangdd.com/ioux/loginByPassword
'09/11/2019 09:10:20 PM' - DEBUG - 请求参数         :
'09/11/2019 09:10:20 PM' - DEBUG - 是否跳过         :是
'09/11/2019 09:10:20 PM' - DEBUG - ##############################...end Login case 4...##############################
'09/11/2019 09:10:20 PM' - DEBUG - #############################...start Login case 5...#############################
'09/11/2019 09:10:20 PM' - DEBUG - 用例名称         :ByPassword
'09/11/2019 09:10:20 PM' - DEBUG - 用例描述         :用户名或密码错误
'09/11/2019 09:10:20 PM' - DEBUG - 用例执行时间      :2019-09-11 21:10:20
'09/11/2019 09:10:20 PM' - DEBUG - ------------------------------------- 请求信息 -------------------------------------
'09/11/2019 09:10:20 PM' - DEBUG - 用例请求方法      :post
'09/11/2019 09:10:20 PM' - DEBUG - 接口地址         :https://as-web.fangdd.com/ioux/loginByPassword
'09/11/2019 09:10:20 PM' - DEBUG - 请求参数         :
'09/11/2019 09:10:20 PM' - DEBUG - 是否跳过         :否
'09/11/2019 09:10:20 PM' - DEBUG - 请求体           :{'username': '13217176556', 'password': 'Wawa520.'}
'09/11/2019 09:10:20 PM' - DEBUG - 响应结果         :{'error': True, 'code': '40352', 'msg': 'User not exists or password incorrect'}
'09/11/2019 09:10:20 PM' - DEBUG - 预期结果         :{'code': '40353', 'msg': 'User not exists or password incorrect'}
'09/11/2019 09:10:20 PM' - ERROR - 测试结果         :测试失败！
'09/11/2019 09:10:20 PM' - DEBUG - ##############################...end Login case 5...##############################
'09/11/2019 09:11:48 PM' - INFO - ========================================== 测试数据初始化 start! ==========================================
'09/11/2019 09:11:48 PM' - INFO - 获取项目根目录正常 :/Users/wawa/Desktop/code/api_automate_test
'09/11/2019 09:11:48 PM' - INFO - 获取项目根正常          :/Users/wawa/Desktop/code/api_automate_test/data/FDD接口测试用例.xlsx
'09/11/2019 09:11:48 PM' - INFO - 读取xlsx表格数据正常:<xlrd.book.Book object at 0x10d6f07b8>
'09/11/2019 09:11:48 PM' - INFO - 获取页签名称列表正常 :['ddsf', 'ddxf']
'09/11/2019 09:11:48 PM' - INFO - 获取名称页签对象正常 :{'ddsf': <xlrd.sheet.Sheet object at 0x10d81f630>, 'ddxf': <xlrd.sheet.Sheet object at 0x10d81f668>}
'09/11/2019 09:11:48 PM' - INFO - 传入项目参数有效 :ddsf
'09/11/2019 09:11:48 PM' - INFO - 未传入json参数，默认地址为 :/Users/wawa/Desktop/code/api_automate_test/data/config.json
'09/11/2019 09:11:48 PM' - INFO - =========================================== 测试数据初始化 end! ===========================================
'09/11/2019 09:11:48 PM' - DEBUG - #############################...start Login case 1...#############################
'09/11/2019 09:11:48 PM' - DEBUG - 用例名称         :ByPassword
'09/11/2019 09:11:48 PM' - DEBUG - 用例描述         :用户名密码正确登录
'09/11/2019 09:11:48 PM' - DEBUG - 用例执行时间      :2019-09-11 21:11:48
'09/11/2019 09:11:48 PM' - DEBUG - ------------------------------------- 请求信息 -------------------------------------
'09/11/2019 09:11:48 PM' - DEBUG - 用例请求方法      :post
'09/11/2019 09:11:48 PM' - DEBUG - 接口地址         :https://as-web.fangdd.com/ioux/loginByPassword
'09/11/2019 09:11:48 PM' - DEBUG - 请求参数         :
'09/11/2019 09:11:48 PM' - DEBUG - 是否跳过         :否
'09/11/2019 09:11:48 PM' - DEBUG - 数据依赖类型      :relateOut
'09/11/2019 09:11:48 PM' - DEBUG - header          :{'content-type': 'application/json'}
'09/11/2019 09:11:48 PM' - DEBUG - 请求体           :{'username': '18682236985', 'password': 'Wawa520.'}
'09/11/2019 09:11:49 PM' - DEBUG - 响应结果         :{'code': 200, 'data': {'userId': 6520137, 'userName': '陈文建', 'realName': '陈文建', 'mobile': '18682236985', 'email': 'chenwenjian@fangdd.com', 'avatar': None, 'roleId': 1, 'roleName': '新房商服', 'orgId': 3, 'orgName': '测试自营分公司', 'serviceAgentCount': 0, 'cities': [{'cityName': '白山', 'cityId': 10204}, {'cityName': '东莞', 'cityId': 1406}, {'cityName': '苏州', 'cityId': 3}, {'cityName': '北京', 'cityId': 2179}, {'cityName': '成都', 'cityId': 450}, {'cityName': '武汉', 'cityId': 619}, {'cityName': '广州', 'cityId': 852}, {'cityName': '福州', 'cityId': 8358}], 'isLogin': True, 'isAs': False, 'isPlatformAs': False, 'dep': {'depName': '测试自营分公司', 'level': 1, 'parentDepId': None, 'orgId': None, 'depId': 37, 'positionType': 1}, 'staffManagerLevel': 1, 'orgs': None}}
'09/11/2019 09:11:49 PM' - DEBUG - 预期结果         :{'code': 200}
'09/11/2019 09:11:49 PM' - INFO - 依赖数据缓存成功    :userId-->ID, 数据值为:6520137
'09/11/2019 09:11:49 PM' - INFO - 测试结果         :测试通过！
'09/11/2019 09:11:49 PM' - DEBUG - ##############################...end Login case 1...##############################
'09/11/2019 09:11:49 PM' - DEBUG - #############################...start Login case 2...#############################
'09/11/2019 09:11:49 PM' - DEBUG - 用例名称         :ByPassword
'09/11/2019 09:11:49 PM' - DEBUG - 用例描述         :用户名或密码为空
'09/11/2019 09:11:49 PM' - DEBUG - 用例执行时间      :2019-09-11 21:11:49
'09/11/2019 09:11:49 PM' - DEBUG - ------------------------------------- 请求信息 -------------------------------------
'09/11/2019 09:11:49 PM' - DEBUG - 用例请求方法      :post
'09/11/2019 09:11:49 PM' - DEBUG - 接口地址         :https://as-web.fangdd.com/ioux/loginByPassword
'09/11/2019 09:11:49 PM' - DEBUG - 请求参数         :
'09/11/2019 09:11:49 PM' - DEBUG - 是否跳过         :否
'09/11/2019 09:11:49 PM' - DEBUG - 请求体           :{'username': '', 'password': 'Wawa521.'}
'09/11/2019 09:11:49 PM' - DEBUG - 响应结果         :{'error': True, 'code': -1, 'msg': '用户名或密码为空'}
'09/11/2019 09:11:49 PM' - DEBUG - 预期结果         :{'code': -1, 'msg': '用户名或密码为空'}
'09/11/2019 09:11:49 PM' - INFO - 测试结果         :测试通过！
'09/11/2019 09:11:49 PM' - DEBUG - ##############################...end Login case 2...##############################
'09/11/2019 09:11:49 PM' - DEBUG - #############################...start Login case 3...#############################
'09/11/2019 09:11:49 PM' - DEBUG - 用例名称         :ByPassword
'09/11/2019 09:11:49 PM' - DEBUG - 用例描述         :用户名或密码为空
'09/11/2019 09:11:49 PM' - DEBUG - 用例执行时间      :2019-09-11 21:11:49
'09/11/2019 09:11:49 PM' - DEBUG - ------------------------------------- 请求信息 -------------------------------------
'09/11/2019 09:11:49 PM' - DEBUG - 用例请求方法      :post
'09/11/2019 09:11:49 PM' - DEBUG - 接口地址         :https://as-web.fangdd.com/ioux/loginByPassword
'09/11/2019 09:11:49 PM' - DEBUG - 请求参数         :
'09/11/2019 09:11:49 PM' - DEBUG - 是否跳过         :否
'09/11/2019 09:11:49 PM' - DEBUG - 请求体           :{'username': '18682236985', 'password': ''}
'09/11/2019 09:11:49 PM' - DEBUG - 响应结果         :{'error': True, 'code': -1, 'msg': '用户名或密码为空'}
'09/11/2019 09:11:49 PM' - DEBUG - 预期结果         :{'code': -1, 'msg': '用户名或密码为空'}
'09/11/2019 09:11:49 PM' - INFO - 测试结果         :测试通过！
'09/11/2019 09:11:49 PM' - DEBUG - ##############################...end Login case 3...##############################
'09/11/2019 09:11:49 PM' - DEBUG - #############################...start Login case 4...#############################
'09/11/2019 09:11:49 PM' - DEBUG - 用例名称         :ByPassword
'09/11/2019 09:11:49 PM' - DEBUG - 用例描述         :用户名或密码错误
'09/11/2019 09:11:49 PM' - DEBUG - 用例执行时间      :2019-09-11 21:11:49
'09/11/2019 09:11:49 PM' - DEBUG - ------------------------------------- 请求信息 -------------------------------------
'09/11/2019 09:11:49 PM' - DEBUG - 用例请求方法      :post
'09/11/2019 09:11:49 PM' - DEBUG - 接口地址         :https://as-web.fangdd.com/ioux/loginByPassword
'09/11/2019 09:11:49 PM' - DEBUG - 请求参数         :
'09/11/2019 09:11:49 PM' - DEBUG - 是否跳过         :是
'09/11/2019 09:11:49 PM' - DEBUG - ##############################...end Login case 4...##############################
'09/11/2019 09:11:49 PM' - DEBUG - #############################...start Login case 5...#############################
'09/11/2019 09:11:49 PM' - DEBUG - 用例名称         :ByPassword
'09/11/2019 09:11:49 PM' - DEBUG - 用例描述         :用户名或密码错误
'09/11/2019 09:11:49 PM' - DEBUG - 用例执行时间      :2019-09-11 21:11:49
'09/11/2019 09:11:49 PM' - DEBUG - ------------------------------------- 请求信息 -------------------------------------
'09/11/2019 09:11:49 PM' - DEBUG - 用例请求方法      :post
'09/11/2019 09:11:49 PM' - DEBUG - 接口地址         :https://as-web.fangdd.com/ioux/loginByPassword
'09/11/2019 09:11:49 PM' - DEBUG - 请求参数         :
'09/11/2019 09:11:49 PM' - DEBUG - 是否跳过         :否
'09/11/2019 09:11:49 PM' - DEBUG - 请求体           :{'username': '13217176556', 'password': 'Wawa520.'}
'09/11/2019 09:11:49 PM' - DEBUG - 响应结果         :{'error': True, 'code': '40352', 'msg': 'User not exists or password incorrect'}
'09/11/2019 09:11:49 PM' - DEBUG - 预期结果         :{'code': '40353', 'msg': 'User not exists or password incorrect'}
'09/11/2019 09:11:49 PM' - ERROR - 测试结果         :测试失败！
'09/11/2019 09:11:50 PM' - DEBUG - ##############################...end Login case 5...##############################
