'09/06/2019 09:15:51 PM' - DEBUG - #############################...start Login case 1...#############################
'09/06/2019 09:15:52 PM' - DEBUG - 用例名称         :ByPassword
'09/06/2019 09:15:52 PM' - DEBUG - 用例描述         :用户名密码正确登录
'09/06/2019 09:15:52 PM' - DEBUG - 用例执行时间      :2019-09-06 21:15:52
'09/06/2019 09:15:52 PM' - DEBUG - ------------------------------------- 请求信息 -------------------------------------
'09/06/2019 09:15:52 PM' - DEBUG - 用例请求方法      :post
'09/06/2019 09:15:52 PM' - DEBUG - 接口地址         :https://as-web.fangdd.com/ioux/loginByPassword
'09/06/2019 09:15:52 PM' - DEBUG - 请求参数         :
'09/06/2019 09:15:52 PM' - DEBUG - header          :{'content-type': 'application/json'}
'09/06/2019 09:15:52 PM' - DEBUG - 请求体           :{'username': '18682236985', 'password': 'Wawa520.'}
'09/06/2019 09:15:52 PM' - DEBUG - 响应结果         :{'code': 200, 'data': {'userId': 6520137, 'userName': '陈文建', 'realName': '陈文建', 'mobile': '18682236985', 'email': 'chenwenjian@fangdd.com', 'avatar': None, 'roleId': 1, 'roleName': '新房商服', 'orgId': 3, 'orgName': '测试自营分公司', 'serviceAgentCount': 0, 'cities': [{'cityName': '白山', 'cityId': 10204}, {'cityName': '东莞', 'cityId': 1406}, {'cityName': '苏州', 'cityId': 3}, {'cityName': '北京', 'cityId': 2179}, {'cityName': '成都', 'cityId': 450}, {'cityName': '武汉', 'cityId': 619}, {'cityName': '广州', 'cityId': 852}], 'isLogin': True, 'isAs': False, 'isPlatformAs': False, 'dep': {'depName': '测试自营分公司', 'level': 1, 'parentDepId': None, 'orgId': None, 'depId': 37, 'positionType': 1}, 'staffManagerLevel': 1, 'orgs': None}}
'09/06/2019 09:15:52 PM' - DEBUG - 预期结果         :{'code': 200}
'09/06/2019 09:15:52 PM' - INFO - 依赖数据缓存成功    :userId-->ID, 数据值为:6520137
'09/06/2019 09:15:52 PM' - DEBUG - ##############################...end Login case 1...##############################
'09/06/2019 09:15:52 PM' - DEBUG - #############################...start Login case 2...#############################
'09/06/2019 09:15:52 PM' - DEBUG - 用例名称         :ByPassword
'09/06/2019 09:15:52 PM' - DEBUG - 用例描述         :用户名或密码为空
'09/06/2019 09:15:52 PM' - DEBUG - 用例执行时间      :2019-09-06 21:15:52
'09/06/2019 09:15:52 PM' - DEBUG - ------------------------------------- 请求信息 -------------------------------------
'09/06/2019 09:15:52 PM' - DEBUG - 用例请求方法      :post
'09/06/2019 09:15:52 PM' - DEBUG - 接口地址         :https://as-web.fangdd.com/ioux/loginByPassword
'09/06/2019 09:15:52 PM' - DEBUG - 请求参数         :
'09/06/2019 09:15:52 PM' - DEBUG - 请求体           :{'username': '', 'password': 'Wawa521.'}
'09/06/2019 09:15:52 PM' - DEBUG - 响应结果         :{'error': True, 'code': -1, 'msg': '用户名或密码为空'}
'09/06/2019 09:15:52 PM' - DEBUG - 预期结果         :{'code': -1, 'msg': '用户名或密码为空'}
'09/06/2019 09:15:52 PM' - DEBUG - ##############################...end Login case 2...##############################
'09/06/2019 09:15:52 PM' - DEBUG - #############################...start Login case 3...#############################
'09/06/2019 09:15:52 PM' - DEBUG - 用例名称         :ByPassword
'09/06/2019 09:15:52 PM' - DEBUG - 用例描述         :用户名或密码为空
'09/06/2019 09:15:52 PM' - DEBUG - 用例执行时间      :2019-09-06 21:15:52
'09/06/2019 09:15:52 PM' - DEBUG - ------------------------------------- 请求信息 -------------------------------------
'09/06/2019 09:15:52 PM' - DEBUG - 用例请求方法      :post
'09/06/2019 09:15:52 PM' - DEBUG - 接口地址         :https://as-web.fangdd.com/ioux/loginByPassword
'09/06/2019 09:15:52 PM' - DEBUG - 请求参数         :
'09/06/2019 09:15:52 PM' - DEBUG - 请求体           :{'username': '18682236985', 'password': ''}
'09/06/2019 09:15:53 PM' - DEBUG - 响应结果         :{'error': True, 'code': -1, 'msg': '用户名或密码为空'}
'09/06/2019 09:15:53 PM' - DEBUG - 预期结果         :{'code': -1, 'msg': '用户名或密码为空'}
'09/06/2019 09:15:53 PM' - DEBUG - ##############################...end Login case 3...##############################
'09/06/2019 09:15:53 PM' - DEBUG - #############################...start Login case 4...#############################
'09/06/2019 09:15:53 PM' - DEBUG - 用例名称         :ByPassword
'09/06/2019 09:15:53 PM' - DEBUG - 用例描述         :用户名或密码错误
'09/06/2019 09:15:53 PM' - DEBUG - 用例执行时间      :2019-09-06 21:15:53
'09/06/2019 09:15:53 PM' - DEBUG - ------------------------------------- 请求信息 -------------------------------------
'09/06/2019 09:15:53 PM' - DEBUG - 用例请求方法      :post
'09/06/2019 09:15:53 PM' - DEBUG - 接口地址         :https://as-web.fangdd.com/ioux/loginByPassword
'09/06/2019 09:15:53 PM' - DEBUG - 请求参数         :
'09/06/2019 09:15:53 PM' - DEBUG - ##############################...end Login case 4...##############################
'09/06/2019 09:15:53 PM' - DEBUG - #############################...start Login case 5...#############################
'09/06/2019 09:15:53 PM' - DEBUG - 用例名称         :ByPassword
'09/06/2019 09:15:53 PM' - DEBUG - 用例描述         :用户名或密码错误
'09/06/2019 09:15:53 PM' - DEBUG - 用例执行时间      :2019-09-06 21:15:53
'09/06/2019 09:15:53 PM' - DEBUG - ------------------------------------- 请求信息 -------------------------------------
'09/06/2019 09:15:53 PM' - DEBUG - 用例请求方法      :post
'09/06/2019 09:15:53 PM' - DEBUG - 接口地址         :https://as-web.fangdd.com/ioux/loginByPassword
'09/06/2019 09:15:53 PM' - DEBUG - 请求参数         :
'09/06/2019 09:15:53 PM' - DEBUG - 请求体           :{'username': '13217176556', 'password': 'Wawa520.'}
'09/06/2019 09:15:53 PM' - DEBUG - 响应结果         :{'error': True, 'code': '40352', 'msg': 'User not exists or password incorrect'}
'09/06/2019 09:15:53 PM' - DEBUG - 预期结果         :{'code': '40353', 'msg': 'User not exists or password incorrect'}
'09/06/2019 09:15:53 PM' - DEBUG - ##############################...end Login case 5...##############################
'09/06/2019 09:15:53 PM' - DEBUG - #############################...start Home case 1...#############################
'09/06/2019 09:15:53 PM' - DEBUG - 用例名称         :HomeInfo
'09/06/2019 09:15:53 PM' - DEBUG - 用例描述         :首页基本信息加载
'09/06/2019 09:15:53 PM' - DEBUG - 用例执行时间      :2019-09-06 21:15:53
'09/06/2019 09:15:53 PM' - DEBUG - ------------------------------------- 请求信息 -------------------------------------
'09/06/2019 09:15:53 PM' - DEBUG - 用例请求方法      :post
'09/06/2019 09:15:53 PM' - DEBUG - 接口地址         :https://as-web.fangdd.com/data/getHomeInfo
'09/06/2019 09:15:53 PM' - DEBUG - 请求参数         :
'09/06/2019 09:15:53 PM' - DEBUG - header          :{'content-type': 'application/json'}
'09/06/2019 09:15:53 PM' - DEBUG - 请求体           :{'userId': '6520137'}
'09/06/2019 09:15:53 PM' - DEBUG - 响应结果         :{'data': {'reportAgentNum': 4, 'reportStoreNum': 2, 'wangShangAgentNum': 32, 'wangShangStoreNum': 13, 'responseAgentNum': 252, 'responseStoreNum': 239}, 'success': True, 'msg': None, 'code': 200}
'09/06/2019 09:15:53 PM' - DEBUG - 预期结果         :{'code': 200}
'09/06/2019 09:15:53 PM' - DEBUG - ##############################...end Home case 1...##############################
'09/06/2019 09:15:53 PM' - DEBUG - #############################...start Home case 2...#############################
'09/06/2019 09:15:53 PM' - DEBUG - 用例名称         :ProfileInfo
'09/06/2019 09:15:53 PM' - DEBUG - 用例描述         :商服个人信息
'09/06/2019 09:15:53 PM' - DEBUG - 用例执行时间      :2019-09-06 21:15:53
'09/06/2019 09:15:53 PM' - DEBUG - ------------------------------------- 请求信息 -------------------------------------
'09/06/2019 09:15:53 PM' - DEBUG - 用例请求方法      :post
'09/06/2019 09:15:53 PM' - DEBUG - 接口地址         :https://as-web.fangdd.com/data/getProfileInfo
'09/06/2019 09:15:53 PM' - DEBUG - 请求参数         :
'09/06/2019 09:15:53 PM' - DEBUG - ##############################...end Home case 2...##############################
'09/06/2019 09:15:53 PM' - DEBUG - #############################...start Home case 3...#############################
'09/06/2019 09:15:53 PM' - DEBUG - 用例名称         :SchedulePlanInfo
'09/06/2019 09:15:53 PM' - DEBUG - 用例描述         :日程安排
'09/06/2019 09:15:53 PM' - DEBUG - 用例执行时间      :2019-09-06 21:15:53
'09/06/2019 09:15:53 PM' - DEBUG - ------------------------------------- 请求信息 -------------------------------------
'09/06/2019 09:15:53 PM' - DEBUG - 用例请求方法      :post
'09/06/2019 09:15:53 PM' - DEBUG - 接口地址         :https://as-web.fangdd.com/data/searchSchedulePlanInfo
'09/06/2019 09:15:53 PM' - DEBUG - 请求参数         :
'09/06/2019 09:15:53 PM' - DEBUG - header          :{'content-type': 'application/json'}
'09/06/2019 09:15:53 PM' - DEBUG - 请求体           :[{'date': '2019-07-07T09:17:03.495Z', 'serviceIdList': ['6520137']}, {'opId': '6520137', 'systemSource': 'DD_COMMERCIAL'}]
'09/06/2019 09:15:53 PM' - DEBUG - 响应结果         :{'data': {'netCardDealList': [], 'planGatheringList': [], 'xfDealList': [], 'visitRecordList': [], 'totalRecordNum': 0}, 'success': True, 'msg': None, 'code': 200}
'09/06/2019 09:15:53 PM' - DEBUG - 预期结果         :{'code': 200}
'09/06/2019 09:15:53 PM' - INFO - 依赖数据缓存成功:success-->ID3, 数据值为:True
'09/06/2019 09:15:53 PM' - DEBUG - ##############################...end Home case 3...##############################
'09/06/2019 09:15:53 PM' - DEBUG - #############################...start Home case 4...#############################
'09/06/2019 09:15:53 PM' - DEBUG - 用例名称         :StaffMessage
'09/06/2019 09:15:53 PM' - DEBUG - 用例描述         :StaffMessage接口
'09/06/2019 09:15:53 PM' - DEBUG - 用例执行时间      :2019-09-06 21:15:53
'09/06/2019 09:15:53 PM' - DEBUG - ------------------------------------- 请求信息 -------------------------------------
'09/06/2019 09:15:53 PM' - DEBUG - 用例请求方法      :post
'09/06/2019 09:15:53 PM' - DEBUG - 接口地址         :https://as-web.fangdd.com/data/getStaffMessage
'09/06/2019 09:15:53 PM' - DEBUG - 请求参数         :
'09/06/2019 09:15:53 PM' - DEBUG - header          :{'content-type': 'application/json'}
'09/06/2019 09:15:53 PM' - DEBUG - 请求体           :[{'staffId': '6520137'}, {'opId': '6520137', 'systemSource': 'DD_COMMERCIAL'}]
'09/06/2019 09:15:54 PM' - DEBUG - 响应结果         :{'data': {'storeMessage': {'ifStoreGeoCorrect': False, 'hasEsfSignStep': False, 'hasXfSignStep': False, 'hasGeo': False, 'hasAddress': False, 'hasShopSignPhoto': False, 'hasShopSign': False, 'ifOperateStatus2': False, 'agentOrgChangeStoreNum': 3}, 'staffId': 6520137}, 'success': True, 'msg': None, 'code': 200}
'09/06/2019 09:15:54 PM' - DEBUG - 预期结果         :{'code': 200}
'09/06/2019 09:15:54 PM' - DEBUG - ##############################...end Home case 4...##############################
'09/06/2019 09:15:54 PM' - DEBUG - #############################...start Home case 5...#############################
'09/06/2019 09:15:54 PM' - DEBUG - 用例名称         :StaffOrg
'09/06/2019 09:15:54 PM' - DEBUG - 用例描述         :StaffOrg接口
'09/06/2019 09:15:54 PM' - DEBUG - 用例执行时间      :2019-09-06 21:15:54
'09/06/2019 09:15:54 PM' - DEBUG - ------------------------------------- 请求信息 -------------------------------------
'09/06/2019 09:15:54 PM' - DEBUG - 用例请求方法      :post
'09/06/2019 09:15:54 PM' - DEBUG - 接口地址         :https://as-web.fangdd.com/data/listStaffOrg
'09/06/2019 09:15:54 PM' - DEBUG - 请求参数         :
'09/06/2019 09:15:54 PM' - DEBUG - header          :{'content-type': 'application/json'}
'09/06/2019 09:15:54 PM' - DEBUG - 请求体           :{'userId': '6520137'}
'09/06/2019 09:15:54 PM' - DEBUG - 响应结果         :{'data': [], 'success': True, 'msg': 'success', 'code': 200}
'09/06/2019 09:15:54 PM' - DEBUG - 预期结果         :{'code': 200}
'09/06/2019 09:15:54 PM' - INFO - 依赖数据缓存成功:msg-->ID2, 数据值为:success
'09/06/2019 09:15:54 PM' - DEBUG - ##############################...end Home case 5...##############################
